[2020-12-31T15:24:28-0800] [MainThread] [I] [toil] Running Toil version 4.2.0-3aa1da130141039cb357efe36d7df9b9f6ae9b5b on host mustard.
[2020-12-31T15:24:28-0800] [MainThread] [I] [toil.leader] Issued job 'parse_config_file' kind-parse_config_file/instance-zw21sx47 with job batch system ID: 0 and cores: 1, disk: 2.0 G, and memory: 2.0 G
[2020-12-31T15:24:29-0800] [MainThread] [I] [toil.worker] Redirecting logging to /scratch/drkthomp/workDir/node-07bb02be-9a96-4f5b-81fc-f2b6e941d0cd-e8611b53-bdab-4598-acae-87977f99831e/tmpuuljwb3o/worker_log.txt
[2020-12-31T15:24:30-0800] [MainThread] [I] [toil.leader] Job ended: 'parse_config_file' kind-parse_config_file/instance-zw21sx47
[2020-12-31T15:24:30-0800] [MainThread] [I] [toil.leader] 0 jobs are running, 0 jobs are issued and waiting to run
[2020-12-31T15:24:30-0800] [MainThread] [I] [toil.leader] Issued job 'get_pipeline_inputs' kind-get_pipeline_inputs/instance-21_csphj with job batch system ID: 1 and cores: 1, disk: 2.0 G, and memory: 2.0 G
[2020-12-31T15:24:30-0800] [MainThread] [I] [toil.leader] Issued job 'get_pipeline_inputs' kind-get_pipeline_inputs/instance-_54tcn0i with job batch system ID: 2 and cores: 1, disk: 2.0 G, and memory: 2.0 G
[2020-12-31T15:24:30-0800] [MainThread] [I] [toil.leader] Issued job 'get_pipeline_inputs' kind-get_pipeline_inputs/instance-0wf921dc with job batch system ID: 3 and cores: 1, disk: 2.0 G, and memory: 2.0 G
[2020-12-31T15:24:30-0800] [MainThread] [I] [toil.leader] Issued job 'get_pipeline_inputs' kind-get_pipeline_inputs/instance-3d_9jvaj with job batch system ID: 4 and cores: 1, disk: 2.0 G, and memory: 2.0 G
[2020-12-31T15:24:30-0800] [MainThread] [I] [toil.leader] Issued job 'get_pipeline_inputs' kind-get_pipeline_inputs/instance-ouyoazzu with job batch system ID: 5 and cores: 1, disk: 2.0 G, and memory: 2.0 G
[2020-12-31T15:24:30-0800] [MainThread] [I] [toil.leader] Issued job 'get_pipeline_inputs' kind-get_pipeline_inputs/instance-48a7_adr with job batch system ID: 6 and cores: 1, disk: 2.0 G, and memory: 2.0 G
[2020-12-31T15:24:30-0800] [MainThread] [I] [toil.leader] Issued job 'get_pipeline_inputs' kind-get_pipeline_inputs/instance-e8b9r8f7 with job batch system ID: 7 and cores: 1, disk: 2.0 G, and memory: 2.0 G
[2020-12-31T15:24:30-0800] [MainThread] [I] [toil.leader] Issued job 'get_pipeline_inputs' kind-get_pipeline_inputs/instance-6d7a0_m5 with job batch system ID: 8 and cores: 1, disk: 2.0 G, and memory: 2.0 G
[2020-12-31T15:24:30-0800] [MainThread] [I] [toil.leader] Issued job 'get_pipeline_inputs' kind-get_pipeline_inputs/instance-vzj4e3mo with job batch system ID: 9 and cores: 1, disk: 2.0 G, and memory: 2.0 G
[2020-12-31T15:24:30-0800] [MainThread] [I] [toil.leader] Issued job 'get_pipeline_inputs' kind-get_pipeline_inputs/instance-c02g06f5 with job batch system ID: 10 and cores: 1, disk: 2.0 G, and memory: 2.0 G
[2020-12-31T15:24:30-0800] [MainThread] [I] [toil.leader] Issued job 'get_pipeline_inputs' kind-get_pipeline_inputs/instance-guu5s8xv with job batch system ID: 11 and cores: 1, disk: 2.0 G, and memory: 2.0 G
[2020-12-31T15:24:30-0800] [MainThread] [I] [toil.leader] Issued job 'get_pipeline_inputs' kind-get_pipeline_inputs/instance-vaq4__g6 with job batch system ID: 12 and cores: 1, disk: 2.0 G, and memory: 2.0 G
[2020-12-31T15:24:30-0800] [MainThread] [I] [toil.leader] Issued job 'get_pipeline_inputs' kind-get_pipeline_inputs/instance-8h47qpro with job batch system ID: 13 and cores: 1, disk: 2.0 G, and memory: 2.0 G
[2020-12-31T15:24:30-0800] [MainThread] [I] [toil.leader] Issued job 'get_pipeline_inputs' kind-get_pipeline_inputs/instance-8pi6obdr with job batch system ID: 14 and cores: 1, disk: 2.0 G, and memory: 2.0 G
[2020-12-31T15:24:30-0800] [MainThread] [I] [toil.leader] Issued job 'get_pipeline_inputs' kind-get_pipeline_inputs/instance-ep025zeq with job batch system ID: 15 and cores: 1, disk: 2.0 G, and memory: 2.0 G
[2020-12-31T15:24:30-0800] [MainThread] [I] [toil.leader] Issued job 'get_pipeline_inputs' kind-get_pipeline_inputs/instance-oczx33uk with job batch system ID: 16 and cores: 1, disk: 2.0 G, and memory: 2.0 G
[2020-12-31T15:24:30-0800] [MainThread] [I] [toil.leader] Issued job 'get_pipeline_inputs' kind-get_pipeline_inputs/instance-oi5to4zd with job batch system ID: 17 and cores: 1, disk: 2.0 G, and memory: 2.0 G
[2020-12-31T15:24:30-0800] [MainThread] [I] [toil.leader] Issued job 'get_pipeline_inputs' kind-get_pipeline_inputs/instance-og_b2lpt with job batch system ID: 18 and cores: 1, disk: 2.0 G, and memory: 2.0 G
[2020-12-31T15:24:30-0800] [MainThread] [I] [toil.leader] Issued job 'get_pipeline_inputs' kind-get_pipeline_inputs/instance-xtkdi9zw with job batch system ID: 19 and cores: 1, disk: 2.0 G, and memory: 2.0 G
[2020-12-31T15:24:30-0800] [MainThread] [I] [toil.leader] Issued job 'get_pipeline_inputs' kind-get_pipeline_inputs/instance-msobwlcd with job batch system ID: 20 and cores: 1, disk: 2.0 G, and memory: 2.0 G
[2020-12-31T15:24:30-0800] [MainThread] [I] [toil.leader] Issued job 'get_pipeline_inputs' kind-get_pipeline_inputs/instance-ide5wazt with job batch system ID: 21 and cores: 1, disk: 2.0 G, and memory: 2.0 G
[2020-12-31T15:24:30-0800] [MainThread] [I] [toil.leader] Issued job 'get_pipeline_inputs' kind-get_pipeline_inputs/instance-puoue60p with job batch system ID: 22 and cores: 1, disk: 2.0 G, and memory: 2.0 G
[2020-12-31T15:24:30-0800] [MainThread] [I] [toil.leader] Issued job 'get_pipeline_inputs' kind-get_pipeline_inputs/instance-tibeb5pw with job batch system ID: 23 and cores: 1, disk: 2.0 G, and memory: 2.0 G
[2020-12-31T15:24:30-0800] [MainThread] [I] [toil.leader] Issued job 'get_pipeline_inputs' kind-get_pipeline_inputs/instance-7ygwtdco with job batch system ID: 24 and cores: 1, disk: 2.0 G, and memory: 2.0 G
[2020-12-31T15:24:30-0800] [MainThread] [I] [toil.leader] Issued job 'get_pipeline_inputs' kind-get_pipeline_inputs/instance-imrabf5m with job batch system ID: 25 and cores: 1, disk: 2.0 G, and memory: 2.0 G
[2020-12-31T15:24:30-0800] [MainThread] [I] [toil.leader] Issued job 'get_pipeline_inputs' kind-get_pipeline_inputs/instance-ybbkmjhi with job batch system ID: 26 and cores: 1, disk: 2.0 G, and memory: 2.0 G
[2020-12-31T15:24:30-0800] [MainThread] [I] [toil.leader] Issued job 'get_pipeline_inputs' kind-get_pipeline_inputs/instance-702kze9f with job batch system ID: 27 and cores: 1, disk: 2.0 G, and memory: 2.0 G
[2020-12-31T15:24:30-0800] [MainThread] [I] [toil.leader] Issued job 'get_pipeline_inputs' kind-get_pipeline_inputs/instance-qp0u2rrv with job batch system ID: 28 and cores: 1, disk: 2.0 G, and memory: 2.0 G
[2020-12-31T15:24:30-0800] [MainThread] [I] [toil.leader] Issued job 'get_pipeline_inputs' kind-get_pipeline_inputs/instance-i_idhecq with job batch system ID: 29 and cores: 1, disk: 2.0 G, and memory: 2.0 G
[2020-12-31T15:24:30-0800] [Thread-3  ] [I] [toil.statsAndLogging] Got message from job at time 12-31-2020 15:24:30: Parsing config file
[2020-12-31T15:24:30-0800] [Thread-3  ] [I] [toil.statsAndLogging] Got message from job at time 12-31-2020 15:24:30: Obtaining tool inputs
[2020-12-31T15:24:30-0800] [Thread-3  ] [I] [toil.statsAndLogging] Got message from job at time 12-31-2020 15:24:30: Obtained tool inputs
[2020-12-31T15:24:31-0800] [MainThread] [I] [toil.worker] Redirecting logging to /scratch/drkthomp/workDir/node-07bb02be-9a96-4f5b-81fc-f2b6e941d0cd-e8611b53-bdab-4598-acae-87977f99831e/tmpu7tlo6sy/worker_log.txt
[2020-12-31T15:24:31-0800] [MainThread] [I] [toil.worker] Redirecting logging to /scratch/drkthomp/workDir/node-07bb02be-9a96-4f5b-81fc-f2b6e941d0cd-e8611b53-bdab-4598-acae-87977f99831e/tmpwn78lk8w/worker_log.txt
[2020-12-31T15:24:31-0800] [MainThread] [I] [toil.worker] Redirecting logging to /scratch/drkthomp/workDir/node-07bb02be-9a96-4f5b-81fc-f2b6e941d0cd-e8611b53-bdab-4598-acae-87977f99831e/tmp9i7o9iiy/worker_log.txt
[2020-12-31T15:24:31-0800] [MainThread] [I] [toil.worker] Redirecting logging to /scratch/drkthomp/workDir/node-07bb02be-9a96-4f5b-81fc-f2b6e941d0cd-e8611b53-bdab-4598-acae-87977f99831e/tmpt79a4ht8/worker_log.txt
[2020-12-31T15:24:31-0800] [MainThread] [I] [toil.worker] Redirecting logging to /scratch/drkthomp/workDir/node-07bb02be-9a96-4f5b-81fc-f2b6e941d0cd-e8611b53-bdab-4598-acae-87977f99831e/tmpcklvgtcj/worker_log.txt
[2020-12-31T15:24:31-0800] [MainThread] [I] [toil.worker] Redirecting logging to /scratch/drkthomp/workDir/node-07bb02be-9a96-4f5b-81fc-f2b6e941d0cd-e8611b53-bdab-4598-acae-87977f99831e/tmp8miblgc2/worker_log.txt
[2020-12-31T15:24:31-0800] [MainThread] [I] [toil.worker] Redirecting logging to /scratch/drkthomp/workDir/node-07bb02be-9a96-4f5b-81fc-f2b6e941d0cd-e8611b53-bdab-4598-acae-87977f99831e/tmpoubv60v9/worker_log.txt
[2020-12-31T15:24:31-0800] [MainThread] [I] [toil.worker] Redirecting logging to /scratch/drkthomp/workDir/node-07bb02be-9a96-4f5b-81fc-f2b6e941d0cd-e8611b53-bdab-4598-acae-87977f99831e/tmphyvszfux/worker_log.txt
[2020-12-31T15:24:31-0800] [MainThread] [I] [toil.worker] Redirecting logging to /scratch/drkthomp/workDir/node-07bb02be-9a96-4f5b-81fc-f2b6e941d0cd-e8611b53-bdab-4598-acae-87977f99831e/tmppzu1unme/worker_log.txt
[2020-12-31T15:24:31-0800] [MainThread] [I] [toil.worker] Redirecting logging to /scratch/drkthomp/workDir/node-07bb02be-9a96-4f5b-81fc-f2b6e941d0cd-e8611b53-bdab-4598-acae-87977f99831e/tmpgn47qyb3/worker_log.txt
[2020-12-31T15:24:31-0800] [MainThread] [I] [toil.worker] Redirecting logging to /scratch/drkthomp/workDir/node-07bb02be-9a96-4f5b-81fc-f2b6e941d0cd-e8611b53-bdab-4598-acae-87977f99831e/tmph05axcuf/worker_log.txt
[2020-12-31T15:24:31-0800] [MainThread] [I] [toil.worker] Redirecting logging to /scratch/drkthomp/workDir/node-07bb02be-9a96-4f5b-81fc-f2b6e941d0cd-e8611b53-bdab-4598-acae-87977f99831e/tmpijntoko2/worker_log.txt
[2020-12-31T15:24:31-0800] [MainThread] [I] [toil.worker] Redirecting logging to /scratch/drkthomp/workDir/node-07bb02be-9a96-4f5b-81fc-f2b6e941d0cd-e8611b53-bdab-4598-acae-87977f99831e/tmpbsmjzsjc/worker_log.txt
[2020-12-31T15:24:31-0800] [MainThread] [I] [toil.worker] Redirecting logging to /scratch/drkthomp/workDir/node-07bb02be-9a96-4f5b-81fc-f2b6e941d0cd-e8611b53-bdab-4598-acae-87977f99831e/tmpnelnvmuo/worker_log.txt
[2020-12-31T15:24:31-0800] [MainThread] [I] [toil.worker] Redirecting logging to /scratch/drkthomp/workDir/node-07bb02be-9a96-4f5b-81fc-f2b6e941d0cd-e8611b53-bdab-4598-acae-87977f99831e/tmpx_rud0wa/worker_log.txt
[2020-12-31T15:24:31-0800] [MainThread] [I] [toil.worker] Redirecting logging to /scratch/drkthomp/workDir/node-07bb02be-9a96-4f5b-81fc-f2b6e941d0cd-e8611b53-bdab-4598-acae-87977f99831e/tmphwep4plt/worker_log.txt
[2020-12-31T15:24:31-0800] [MainThread] [I] [toil.worker] Redirecting logging to /scratch/drkthomp/workDir/node-07bb02be-9a96-4f5b-81fc-f2b6e941d0cd-e8611b53-bdab-4598-acae-87977f99831e/tmpa4pmpqwm/worker_log.txt
[2020-12-31T15:24:31-0800] [MainThread] [I] [toil.worker] Redirecting logging to /scratch/drkthomp/workDir/node-07bb02be-9a96-4f5b-81fc-f2b6e941d0cd-e8611b53-bdab-4598-acae-87977f99831e/tmpp3o4dhun/worker_log.txt
[2020-12-31T15:24:31-0800] [MainThread] [I] [toil.worker] Redirecting logging to /scratch/drkthomp/workDir/node-07bb02be-9a96-4f5b-81fc-f2b6e941d0cd-e8611b53-bdab-4598-acae-87977f99831e/tmpbxkhq1xv/worker_log.txt
[2020-12-31T15:24:31-0800] [MainThread] [I] [toil.worker] Redirecting logging to /scratch/drkthomp/workDir/node-07bb02be-9a96-4f5b-81fc-f2b6e941d0cd-e8611b53-bdab-4598-acae-87977f99831e/tmpb5_uu_mh/worker_log.txt
[2020-12-31T15:24:31-0800] [MainThread] [I] [toil.worker] Redirecting logging to /scratch/drkthomp/workDir/node-07bb02be-9a96-4f5b-81fc-f2b6e941d0cd-e8611b53-bdab-4598-acae-87977f99831e/tmp9wngx6_a/worker_log.txt
[2020-12-31T15:24:31-0800] [MainThread] [I] [toil.worker] Redirecting logging to /scratch/drkthomp/workDir/node-07bb02be-9a96-4f5b-81fc-f2b6e941d0cd-e8611b53-bdab-4598-acae-87977f99831e/tmp1fqbjl9t/worker_log.txt
[2020-12-31T15:24:31-0800] [MainThread] [I] [toil.worker] Redirecting logging to /scratch/drkthomp/workDir/node-07bb02be-9a96-4f5b-81fc-f2b6e941d0cd-e8611b53-bdab-4598-acae-87977f99831e/tmpcr03tltl/worker_log.txt
[2020-12-31T15:24:31-0800] [MainThread] [I] [toil.worker] Redirecting logging to /scratch/drkthomp/workDir/node-07bb02be-9a96-4f5b-81fc-f2b6e941d0cd-e8611b53-bdab-4598-acae-87977f99831e/tmpve6e5tay/worker_log.txt
[2020-12-31T15:24:31-0800] [MainThread] [I] [toil.worker] Redirecting logging to /scratch/drkthomp/workDir/node-07bb02be-9a96-4f5b-81fc-f2b6e941d0cd-e8611b53-bdab-4598-acae-87977f99831e/tmpp_9fuu7q/worker_log.txt
[2020-12-31T15:24:31-0800] [MainThread] [I] [toil.worker] Redirecting logging to /scratch/drkthomp/workDir/node-07bb02be-9a96-4f5b-81fc-f2b6e941d0cd-e8611b53-bdab-4598-acae-87977f99831e/tmpelebz7vc/worker_log.txt
[2020-12-31T15:24:31-0800] [MainThread] [I] [toil.worker] Redirecting logging to /scratch/drkthomp/workDir/node-07bb02be-9a96-4f5b-81fc-f2b6e941d0cd-e8611b53-bdab-4598-acae-87977f99831e/tmp1bakhc12/worker_log.txt
[2020-12-31T15:24:31-0800] [MainThread] [I] [toil.worker] Redirecting logging to /scratch/drkthomp/workDir/node-07bb02be-9a96-4f5b-81fc-f2b6e941d0cd-e8611b53-bdab-4598-acae-87977f99831e/tmp226ysrvd/worker_log.txt
[2020-12-31T15:24:31-0800] [MainThread] [I] [toil.worker] Redirecting logging to /scratch/drkthomp/workDir/node-07bb02be-9a96-4f5b-81fc-f2b6e941d0cd-e8611b53-bdab-4598-acae-87977f99831e/tmpn87wjofo/worker_log.txt
[2020-12-31T15:24:32-0800] [Thread-3  ] [I] [toil.statsAndLogging] Got message from job at time 12-31-2020 15:24:32: Obtaining file (indexes:genome_dict) to the file job store
[2020-12-31T15:24:32-0800] [Thread-3  ] [I] [toil.statsAndLogging] Got message from job at time 12-31-2020 15:24:32: Obtaining file (indexes:dbsnp_idx) to the file job store
[2020-12-31T15:24:32-0800] [MainThread] [I] [toil.leader] Job ended: 'get_pipeline_inputs' kind-get_pipeline_inputs/instance-48a7_adr
[2020-12-31T15:24:32-0800] [Thread-3  ] [I] [toil.statsAndLogging] Got message from job at time 12-31-2020 15:24:32: Obtaining file (indexes:cosmic_idx) to the file job store
[2020-12-31T15:24:32-0800] [Thread-3  ] [I] [toil.statsAndLogging] Got message from job at time 12-31-2020 15:24:32: Obtaining file (indexes:genome_fai) to the file job store
[2020-12-31T15:24:32-0800] [Thread-3  ] [I] [toil.statsAndLogging] Got message from job at time 12-31-2020 15:24:32: Obtaining file (indexes:dbsnp_tbi) to the file job store
[2020-12-31T15:24:32-0800] [Thread-3  ] [I] [toil.statsAndLogging] Got message from job at time 12-31-2020 15:24:32: Obtaining file (radia:cosmic_beds) to the file job store
[2020-12-31T15:24:32-0800] [Thread-3  ] [I] [toil.statsAndLogging] Got message from job at time 12-31-2020 15:24:32: Obtaining file (radia:pseudogene_beds) to the file job store
[2020-12-31T15:24:32-0800] [Thread-3  ] [I] [toil.statsAndLogging] Got message from job at time 12-31-2020 15:24:32: Obtaining file (mhci:method_file) to the file job store
[2020-12-31T15:24:32-0800] [Thread-3  ] [I] [toil.statsAndLogging] Got message from job at time 12-31-2020 15:24:32: Obtaining file (transgene:gencode_transcript_fasta) to the file job store
[2020-12-31T15:24:32-0800] [Thread-3  ] [I] [toil.statsAndLogging] Got message from job at time 12-31-2020 15:24:32: Obtaining file (strelka:config_file) to the file job store
[2020-12-31T15:24:32-0800] [Thread-3  ] [I] [toil.statsAndLogging] Got message from job at time 12-31-2020 15:24:32: Obtaining file (radia:retrogene_beds) to the file job store
[2020-12-31T15:24:32-0800] [Thread-3  ] [I] [toil.statsAndLogging] Got message from job at time 12-31-2020 15:24:32: Obtaining file (reports:mhc_pathways_file) to the file job store
[2020-12-31T15:24:32-0800] [Thread-3  ] [I] [toil.statsAndLogging] Got message from job at time 12-31-2020 15:24:32: Obtaining file (indexes:cosmic_vcf) to the file job store
[2020-12-31T15:24:32-0800] [Thread-3  ] [I] [toil.statsAndLogging] Got message from job at time 12-31-2020 15:24:32: Obtaining file (transgene:gencode_peptide_fasta) to the file job store
[2020-12-31T15:24:32-0800] [Thread-3  ] [I] [toil.statsAndLogging] Got message from job at time 12-31-2020 15:24:32: Obtaining file (transgene:gencode_annotation_gtf) to the file job store
[2020-12-31T15:24:32-0800] [Thread-3  ] [I] [toil.statsAndLogging] Got message from job at time 12-31-2020 15:24:32: Obtaining file (mhcii:method_file) to the file job store
[2020-12-31T15:24:32-0800] [Thread-3  ] [I] [toil.statsAndLogging] Got message from job at time 12-31-2020 15:24:32: Obtaining file (reports:itx_resistance_file) to the file job store
[2020-12-31T15:24:32-0800] [Thread-3  ] [I] [toil.statsAndLogging] Got message from job at time 12-31-2020 15:24:32: Obtaining file (reports:immune_resistance_pathways_file) to the file job store
[2020-12-31T15:24:32-0800] [Thread-3  ] [I] [toil.statsAndLogging] Got message from job at time 12-31-2020 15:24:32: Obtaining file (radia:gencode_beds) to the file job store
[2020-12-31T15:24:32-0800] [Thread-3  ] [I] [toil.statsAndLogging] Got message from job at time 12-31-2020 15:24:32: Obtaining file (reports:car_t_targets_file) to the file job store
[2020-12-31T15:24:32-0800] [MainThread] [I] [toil.leader] Job ended: 'get_pipeline_inputs' kind-get_pipeline_inputs/instance-6d7a0_m5
[2020-12-31T15:24:32-0800] [MainThread] [I] [toil.leader] Job ended: 'get_pipeline_inputs' kind-get_pipeline_inputs/instance-ouyoazzu
[2020-12-31T15:24:32-0800] [MainThread] [I] [toil.leader] Job ended: 'get_pipeline_inputs' kind-get_pipeline_inputs/instance-c02g06f5
[2020-12-31T15:24:32-0800] [MainThread] [I] [toil.leader] Job ended: 'get_pipeline_inputs' kind-get_pipeline_inputs/instance-ep025zeq
[2020-12-31T15:24:32-0800] [MainThread] [I] [toil.leader] Job ended: 'get_pipeline_inputs' kind-get_pipeline_inputs/instance-guu5s8xv
[2020-12-31T15:24:32-0800] [MainThread] [I] [toil.leader] Job ended: 'get_pipeline_inputs' kind-get_pipeline_inputs/instance-vaq4__g6
[2020-12-31T15:24:32-0800] [MainThread] [I] [toil.leader] Job ended: 'get_pipeline_inputs' kind-get_pipeline_inputs/instance-7ygwtdco
[2020-12-31T15:24:32-0800] [MainThread] [I] [toil.leader] Job ended: 'get_pipeline_inputs' kind-get_pipeline_inputs/instance-oi5to4zd
[2020-12-31T15:24:32-0800] [MainThread] [I] [toil.leader] Job ended: 'get_pipeline_inputs' kind-get_pipeline_inputs/instance-ide5wazt
[2020-12-31T15:24:32-0800] [MainThread] [I] [toil.leader] Job ended: 'get_pipeline_inputs' kind-get_pipeline_inputs/instance-oczx33uk
[2020-12-31T15:24:32-0800] [MainThread] [I] [toil.leader] Job ended: 'get_pipeline_inputs' kind-get_pipeline_inputs/instance-e8b9r8f7
[2020-12-31T15:24:32-0800] [MainThread] [I] [toil.leader] Job ended: 'get_pipeline_inputs' kind-get_pipeline_inputs/instance-xtkdi9zw
[2020-12-31T15:24:32-0800] [MainThread] [I] [toil.leader] Job ended: 'get_pipeline_inputs' kind-get_pipeline_inputs/instance-8pi6obdr
[2020-12-31T15:24:32-0800] [MainThread] [I] [toil.leader] Job ended: 'get_pipeline_inputs' kind-get_pipeline_inputs/instance-msobwlcd
[2020-12-31T15:24:32-0800] [MainThread] [I] [toil.leader] Job ended: 'get_pipeline_inputs' kind-get_pipeline_inputs/instance-imrabf5m
[2020-12-31T15:24:32-0800] [MainThread] [I] [toil.leader] Job ended: 'get_pipeline_inputs' kind-get_pipeline_inputs/instance-ybbkmjhi
[2020-12-31T15:24:32-0800] [MainThread] [I] [toil.leader] Job ended: 'get_pipeline_inputs' kind-get_pipeline_inputs/instance-702kze9f
[2020-12-31T15:24:32-0800] [MainThread] [I] [toil.leader] Job ended: 'get_pipeline_inputs' kind-get_pipeline_inputs/instance-qp0u2rrv
[2020-12-31T15:24:32-0800] [MainThread] [I] [toil.leader] Job ended: 'get_pipeline_inputs' kind-get_pipeline_inputs/instance-i_idhecq
[2020-12-31T15:24:33-0800] [Thread-3  ] [I] [toil.statsAndLogging] Got message from job at time 12-31-2020 15:24:33: Obtaining file (indexes:genome_fasta) to the file job store
[2020-12-31T15:24:33-0800] [MainThread] [I] [toil.leader] Job ended: 'get_pipeline_inputs' kind-get_pipeline_inputs/instance-3d_9jvaj
[2020-12-31T15:24:33-0800] [MainThread] [I] [toil.leader] Job ended: 'get_pipeline_inputs' kind-get_pipeline_inputs/instance-8h47qpro
[2020-12-31T15:24:33-0800] [MainThread] [I] [toil.leader] Job ended: 'get_pipeline_inputs' kind-get_pipeline_inputs/instance-puoue60p
[2020-12-31T15:24:33-0800] [MainThread] [I] [toil.leader] Job ended: 'get_pipeline_inputs' kind-get_pipeline_inputs/instance-0wf921dc
[2020-12-31T15:24:33-0800] [Thread-3  ] [I] [toil.statsAndLogging] Got message from job at time 12-31-2020 15:24:33: Obtaining file (radia:dbsnp_beds) to the file job store
[2020-12-31T15:24:33-0800] [Thread-3  ] [I] [toil.statsAndLogging] Got message from job at time 12-31-2020 15:24:33: Obtaining file (transgene:genome_fasta) to the file job store
[2020-12-31T15:24:33-0800] [Thread-3  ] [I] [toil.statsAndLogging] Got message from job at time 12-31-2020 15:24:33: Obtaining file (rsem:index) to the file job store
[2020-12-31T15:24:33-0800] [Thread-3  ] [I] [toil.statsAndLogging] Got message from job at time 12-31-2020 15:24:33: Obtaining file (snpeff:index) to the file job store
[2020-12-31T15:24:33-0800] [MainThread] [I] [toil.leader] Job ended: 'get_pipeline_inputs' kind-get_pipeline_inputs/instance-og_b2lpt
[2020-12-31T15:24:34-0800] [Thread-3  ] [I] [toil.statsAndLogging] Got message from job at time 12-31-2020 15:24:34: Obtaining file (indexes:dbsnp_vcf) to the file job store
[2020-12-31T15:24:34-0800] [MainThread] [I] [toil.leader] Job ended: 'get_pipeline_inputs' kind-get_pipeline_inputs/instance-vzj4e3mo
[2020-12-31T15:24:36-0800] [MainThread] [I] [toil.leader] Job ended: 'get_pipeline_inputs' kind-get_pipeline_inputs/instance-_54tcn0i
[2020-12-31T15:24:36-0800] [Thread-3  ] [I] [toil.statsAndLogging] Got message from job at time 12-31-2020 15:24:36: Obtaining file (bwa:index) to the file job store
[2020-12-31T15:24:36-0800] [MainThread] [I] [toil.leader] Job ended: 'get_pipeline_inputs' kind-get_pipeline_inputs/instance-tibeb5pw
[2020-12-31T15:24:37-0800] [Thread-3  ] [I] [toil.statsAndLogging] Got message from job at time 12-31-2020 15:24:37: Obtaining file (phlat:index) to the file job store
[2020-12-31T15:25:59-0800] [MainThread] [I] [toil.leader] Job ended: 'get_pipeline_inputs' kind-get_pipeline_inputs/instance-21_csphj
[2020-12-31T15:25:59-0800] [MainThread] [I] [toil.leader] Issued job 'launch_protect' kind-launch_protect/instance-pnuyxmsa with job batch system ID: 30 and cores: 1, disk: 2.0 G, and memory: 2.0 G
[2020-12-31T15:25:59-0800] [Thread-3  ] [I] [toil.statsAndLogging] Got message from job at time 12-31-2020 15:25:59: Obtaining file (star:index) to the file job store
[2020-12-31T15:26:00-0800] [MainThread] [I] [toil.worker] Redirecting logging to /scratch/drkthomp/workDir/node-07bb02be-9a96-4f5b-81fc-f2b6e941d0cd-e8611b53-bdab-4598-acae-87977f99831e/tmpvv4alg34/worker_log.txt
[2020-12-31T15:26:01-0800] [MainThread] [I] [toil.leader] Job ended: 'launch_protect' kind-launch_protect/instance-pnuyxmsa
[2020-12-31T15:26:01-0800] [MainThread] [I] [toil.leader] Issued job 'prepare_samples' kind-prepare_samples/instance-w6dlhs8p with job batch system ID: 31 and cores: 1, disk: 40.0 G, and memory: 2.0 G
[2020-12-31T15:26:01-0800] [MainThread] [I] [toil.worker] Redirecting logging to /scratch/drkthomp/workDir/node-07bb02be-9a96-4f5b-81fc-f2b6e941d0cd-e8611b53-bdab-4598-acae-87977f99831e/tmpfe9ysmxq/worker_log.txt
[2020-12-31T15:26:06-0800] [MainThread] [I] [toil.leader] Job ended: 'prepare_samples' kind-prepare_samples/instance-w6dlhs8p
[2020-12-31T15:26:06-0800] [MainThread] [I] [toil.leader] Issued job 'get_patient_fastqs' kind-get_patient_fastqs/instance-sgxubzei with job batch system ID: 32 and cores: 1, disk: 10.0 M, and memory: 2.0 G
[2020-12-31T15:26:06-0800] [MainThread] [I] [toil.leader] Issued job 'get_patient_mhc_haplotype' kind-get_patient_mhc_haplotype/instance-iicenc88 with job batch system ID: 33 and cores: 1, disk: 2.0 G, and memory: 2.0 G
[2020-12-31T15:26:06-0800] [MainThread] [I] [toil.leader] Issued job 'get_patient_vcf' kind-get_patient_vcf/instance-8x6a2_15 with job batch system ID: 34 and cores: 1, disk: 2.0 G, and memory: 2.0 G
[2020-12-31T15:26:07-0800] [Thread-3  ] [I] [toil.statsAndLogging] Got message from job at time 12-31-2020 15:26:07: Downloading Inputs for VARIANT
[2020-12-31T15:26:07-0800] [Thread-3  ] [I] [toil.statsAndLogging] Got message from job at time 12-31-2020 15:26:07: Obtaining file (VARIANT:hla_haplotype_files) to the file job store
[2020-12-31T15:26:07-0800] [Thread-3  ] [I] [toil.statsAndLogging] Got message from job at time 12-31-2020 15:26:07: Obtaining file (VARIANT:tumor_rna_fastq_1) to the file job store
[2020-12-31T15:26:07-0800] [Thread-3  ] [I] [toil.statsAndLogging] Got message from job at time 12-31-2020 15:26:07: Obtaining file (VARIANT:mutation_vcf) to the file job store
[2020-12-31T15:26:07-0800] [Thread-3  ] [I] [toil.statsAndLogging] Got message from job at time 12-31-2020 15:26:07: Obtaining file (VARIANT:tumor_rna_fastq_2) to the file job store
[2020-12-31T15:26:07-0800] [MainThread] [I] [toil.worker] Redirecting logging to /scratch/drkthomp/workDir/node-07bb02be-9a96-4f5b-81fc-f2b6e941d0cd-e8611b53-bdab-4598-acae-87977f99831e/tmpmm9xjhfd/worker_log.txt
[2020-12-31T15:26:07-0800] [MainThread] [I] [toil.worker] Redirecting logging to /scratch/drkthomp/workDir/node-07bb02be-9a96-4f5b-81fc-f2b6e941d0cd-e8611b53-bdab-4598-acae-87977f99831e/tmp6o4vc1yb/worker_log.txt
[2020-12-31T15:26:07-0800] [MainThread] [I] [toil.worker] Redirecting logging to /scratch/drkthomp/workDir/node-07bb02be-9a96-4f5b-81fc-f2b6e941d0cd-e8611b53-bdab-4598-acae-87977f99831e/tmptl1iyfyk/worker_log.txt
[2020-12-31T15:26:08-0800] [MainThread] [I] [toil.leader] Job ended: 'get_patient_fastqs' kind-get_patient_fastqs/instance-sgxubzei
[2020-12-31T15:26:08-0800] [MainThread] [I] [toil.leader] Issued job 'EncapsulatedJob' kind-EncapsulatedJob/instance-enzv0623 with job batch system ID: 35 and cores: 0, disk: 1.0 M, and memory: 32.0 M
[2020-12-31T15:26:08-0800] [MainThread] [I] [toil.leader] Job ended: 'get_patient_mhc_haplotype' kind-get_patient_mhc_haplotype/instance-iicenc88
[2020-12-31T15:26:08-0800] [MainThread] [I] [toil.leader] Job ended: 'get_patient_vcf' kind-get_patient_vcf/instance-8x6a2_15
[2020-12-31T15:26:08-0800] [MainThread] [I] [toil.leader] Issued job 'run_snpeff' kind-run_snpeff/instance-cfiaelb3 with job batch system ID: 36 and cores: 1, disk: 6.0 G, and memory: 2.0 G
[2020-12-31T15:26:08-0800] [MainThread] [I] [toil.worker] Redirecting logging to /scratch/drkthomp/workDir/node-07bb02be-9a96-4f5b-81fc-f2b6e941d0cd-e8611b53-bdab-4598-acae-87977f99831e/tmp5f32h9_q/worker_log.txt
[2020-12-31T15:26:08-0800] [MainThread] [I] [toil.leader] Job ended: 'EncapsulatedJob' kind-EncapsulatedJob/instance-enzv0623
[2020-12-31T15:26:08-0800] [MainThread] [I] [toil.leader] Issued job 'run_cutadapt' kind-run_cutadapt/instance-bcnuuogh with job batch system ID: 37 and cores: 1, disk: 9.3 G, and memory: 2.0 G
[2020-12-31T15:26:08-0800] [MainThread] [I] [toil.worker] Redirecting logging to /scratch/drkthomp/workDir/node-07bb02be-9a96-4f5b-81fc-f2b6e941d0cd-e8611b53-bdab-4598-acae-87977f99831e/tmpry91qdpl/worker_log.txt
[2020-12-31T15:26:09-0800] [MainThread] [I] [toil.worker] Redirecting logging to /scratch/drkthomp/workDir/node-07bb02be-9a96-4f5b-81fc-f2b6e941d0cd-e8611b53-bdab-4598-acae-87977f99831e/tmprklvldx8/worker_log.txt
[2020-12-31T15:27:42-0800] [Thread-1  ] [E] [toil.batchSystems.singleMachine] Got exit code 1 (indicating failure) from job _toil_worker run_snpeff file:/scratch/drkthomp/chr6jobStore kind-run_snpeff/instance-cfiaelb3.
[2020-12-31T15:27:42-0800] [MainThread] [W] [toil.leader] Job failed with exit value 1: 'run_snpeff' kind-run_snpeff/instance-cfiaelb3
[2020-12-31T15:27:42-0800] [MainThread] [W] [toil.leader] The job seems to have left a log file, indicating failure: 'run_snpeff' kind-run_snpeff/instance-cfiaelb3
[2020-12-31T15:27:42-0800] [MainThread] [W] [toil.leader] Log from job kind-run_snpeff/instance-cfiaelb3 follows:
=========>
	[2020-12-31T15:26:08-0800] [MainThread] [I] [toil.worker] ---TOIL WORKER OUTPUT LOG---
	[2020-12-31T15:26:08-0800] [MainThread] [I] [toil] Running Toil version 4.2.0-3aa1da130141039cb357efe36d7df9b9f6ae9b5b on host mustard.
	VcfFileIterator.parseVcfLine(121):	Fatal error reading file '/data/merged_mutations.vcf' (line: 1):
	BCFQ  ##fileformat=VCFv4.0
	java.lang.RuntimeException: java.lang.RuntimeException: Impropper VCF entry: Not enough fields (missing tab separators?).
	BCFQ  ##fileformat=VCFv4.0
		at ca.mcgill.mcb.pcingola.fileIterator.VcfFileIterator.parseVcfLine(VcfFileIterator.java:122)
		at ca.mcgill.mcb.pcingola.fileIterator.VcfFileIterator.readNext(VcfFileIterator.java:177)
		at ca.mcgill.mcb.pcingola.fileIterator.VcfFileIterator.readNext(VcfFileIterator.java:56)
		at ca.mcgill.mcb.pcingola.fileIterator.FileIterator.hasNext(FileIterator.java:69)
		at ca.mcgill.mcb.pcingola.fileIterator.MarkerFileIterator.hasNext(MarkerFileIterator.java:64)
		at ca.mcgill.mcb.pcingola.snpEffect.commandLine.SnpEffCmdEff.iterateVcf(SnpEffCmdEff.java:260)
		at ca.mcgill.mcb.pcingola.snpEffect.commandLine.SnpEffCmdEff.runAnalysis(SnpEffCmdEff.java:846)
		at ca.mcgill.mcb.pcingola.snpEffect.commandLine.SnpEffCmdEff.run(SnpEffCmdEff.java:765)
		at ca.mcgill.mcb.pcingola.snpEffect.commandLine.SnpEffCmdEff.run(SnpEffCmdEff.java:713)
		at ca.mcgill.mcb.pcingola.snpEffect.commandLine.SnpEff.run(SnpEff.java:685)
		at ca.mcgill.mcb.pcingola.snpEffect.commandLine.SnpEff.main(SnpEff.java:118)
	Caused by: java.lang.RuntimeException: Impropper VCF entry: Not enough fields (missing tab separators?).
	BCFQ  ##fileformat=VCFv4.0
		at ca.mcgill.mcb.pcingola.vcf.VcfEntry.parse(VcfEntry.java:801)
		at ca.mcgill.mcb.pcingola.vcf.VcfEntry.<init>(VcfEntry.java:101)
		at ca.mcgill.mcb.pcingola.fileIterator.VcfFileIterator.parseVcfLine(VcfFileIterator.java:119)
		... 10 more
	
	
	NEW VERSION!
		There is a new SnpEff version available: 
			Version      : 4.3
			Release date : 2019-01-26
			Download URL : http://sourceforge.net/projects/snpeff/files/snpEff_latest_core.zip
	
	Traceback (most recent call last):
	  File "/private/home/drkthomp/protect/src/protect/common.py", line 137, in docker_call
	    subprocess.check_call(call, stdout=outfile)
	  File "/usr/lib64/python3.6/subprocess.py", line 291, in check_call
	    raise CalledProcessError(retcode, cmd)
	subprocess.CalledProcessError: Command '['docker', 'run', '-e', 'JAVA_OPTS=-Xmx20G', '--rm=true', '-v', '/data/scratch/drkthomp/workDir/node-07bb02be-9a96-4f5b-81fc-f2b6e941d0cd-e8611b53-bdab-4598-acae-87977f99831e/tmpry91qdpl/c5e30249-d7bf-47b7-abab-35419aeae22c:/data', '--log-driver=none', 'aarjunrao/snpeff:3.6', 'eff', '-dataDir', '/data/data', '-c', '/data/data/snpEff_hg38_gencode.config', '-no-intergenic', '-no-downstream', '-no-upstream', '-noStats', 'hg38_gencode', '/data/merged_mutations.vcf']' returned non-zero exit status 255.
	
	During handling of the above exception, another exception occurred:
	
	Traceback (most recent call last):
	  File "/private/home/drkthomp/protect/venv/lib/python3.6/site-packages/toil/worker.py", line 368, in workerScript
	    job._runner(jobGraph=jobGraph, jobStore=jobStore, fileStore=fileStore, defer=defer)
	  File "/private/home/drkthomp/protect/venv/lib/python3.6/site-packages/toil/job.py", line 1424, in _runner
	    returnValues = self._run(jobGraph, fileStore)
	  File "/private/home/drkthomp/protect/venv/lib/python3.6/site-packages/toil/job.py", line 1361, in _run
	    return self.run(fileStore)
	  File "/private/home/drkthomp/protect/venv/lib/python3.6/site-packages/toil/job.py", line 1565, in run
	    rValue = userFunction(*((self,) + tuple(self._args)), **self._kwargs)
	  File "/private/home/drkthomp/protect/src/protect/mutation_annotation/snpeff.py", line 65, in run_snpeff
	    tool_version=snpeff_options['version'])
	  File "/private/home/drkthomp/protect/src/protect/common.py", line 140, in docker_call
	    'for command \"%s\"' % ' '.join(call),)
	RuntimeError: docker command returned a non-zero exit status (255)for command "docker run -e JAVA_OPTS=-Xmx20G --rm=true -v /data/scratch/drkthomp/workDir/node-07bb02be-9a96-4f5b-81fc-f2b6e941d0cd-e8611b53-bdab-4598-acae-87977f99831e/tmpry91qdpl/c5e30249-d7bf-47b7-abab-35419aeae22c:/data --log-driver=none aarjunrao/snpeff:3.6 eff -dataDir /data/data -c /data/data/snpEff_hg38_gencode.config -no-intergenic -no-downstream -no-upstream -noStats hg38_gencode /data/merged_mutations.vcf"
	[2020-12-31T15:27:42-0800] [MainThread] [E] [toil.worker] Exiting the worker because of a failed job on host mustard
<=========
[2020-12-31T15:27:42-0800] [MainThread] [W] [toil.jobGraph] Due to failure we are reducing the remaining retry count of job 'run_snpeff' kind-run_snpeff/instance-cfiaelb3 with ID kind-run_snpeff/instance-cfiaelb3 to 1
[2020-12-31T15:27:42-0800] [MainThread] [I] [toil.leader] Issued job 'run_snpeff' kind-run_snpeff/instance-cfiaelb3 with job batch system ID: 38 and cores: 1, disk: 6.0 G, and memory: 2.0 G
[2020-12-31T15:27:43-0800] [MainThread] [I] [toil.worker] Redirecting logging to /scratch/drkthomp/workDir/node-07bb02be-9a96-4f5b-81fc-f2b6e941d0cd-e8611b53-bdab-4598-acae-87977f99831e/tmprwgjya7z/worker_log.txt
[2020-12-31T15:29:19-0800] [Thread-1  ] [E] [toil.batchSystems.singleMachine] Got exit code 1 (indicating failure) from job _toil_worker run_snpeff file:/scratch/drkthomp/chr6jobStore kind-run_snpeff/instance-cfiaelb3.
[2020-12-31T15:29:19-0800] [MainThread] [W] [toil.leader] Job failed with exit value 1: 'run_snpeff' kind-run_snpeff/instance-cfiaelb3
[2020-12-31T15:29:19-0800] [MainThread] [W] [toil.leader] The job seems to have left a log file, indicating failure: 'run_snpeff' kind-run_snpeff/instance-cfiaelb3
[2020-12-31T15:29:19-0800] [MainThread] [W] [toil.leader] Log from job kind-run_snpeff/instance-cfiaelb3 follows:
=========>
	[2020-12-31T15:27:43-0800] [MainThread] [I] [toil.worker] ---TOIL WORKER OUTPUT LOG---
	[2020-12-31T15:27:43-0800] [MainThread] [I] [toil] Running Toil version 4.2.0-3aa1da130141039cb357efe36d7df9b9f6ae9b5b on host mustard.
	VcfFileIterator.parseVcfLine(121):	Fatal error reading file '/data/merged_mutations.vcf' (line: 1):
	BCFQ  ##fileformat=VCFv4.0
	java.lang.RuntimeException: java.lang.RuntimeException: Impropper VCF entry: Not enough fields (missing tab separators?).
	BCFQ  ##fileformat=VCFv4.0
		at ca.mcgill.mcb.pcingola.fileIterator.VcfFileIterator.parseVcfLine(VcfFileIterator.java:122)
		at ca.mcgill.mcb.pcingola.fileIterator.VcfFileIterator.readNext(VcfFileIterator.java:177)
		at ca.mcgill.mcb.pcingola.fileIterator.VcfFileIterator.readNext(VcfFileIterator.java:56)
		at ca.mcgill.mcb.pcingola.fileIterator.FileIterator.hasNext(FileIterator.java:69)
		at ca.mcgill.mcb.pcingola.fileIterator.MarkerFileIterator.hasNext(MarkerFileIterator.java:64)
		at ca.mcgill.mcb.pcingola.snpEffect.commandLine.SnpEffCmdEff.iterateVcf(SnpEffCmdEff.java:260)
		at ca.mcgill.mcb.pcingola.snpEffect.commandLine.SnpEffCmdEff.runAnalysis(SnpEffCmdEff.java:846)
		at ca.mcgill.mcb.pcingola.snpEffect.commandLine.SnpEffCmdEff.run(SnpEffCmdEff.java:765)
		at ca.mcgill.mcb.pcingola.snpEffect.commandLine.SnpEffCmdEff.run(SnpEffCmdEff.java:713)
		at ca.mcgill.mcb.pcingola.snpEffect.commandLine.SnpEff.run(SnpEff.java:685)
		at ca.mcgill.mcb.pcingola.snpEffect.commandLine.SnpEff.main(SnpEff.java:118)
	Caused by: java.lang.RuntimeException: Impropper VCF entry: Not enough fields (missing tab separators?).
	BCFQ  ##fileformat=VCFv4.0
		at ca.mcgill.mcb.pcingola.vcf.VcfEntry.parse(VcfEntry.java:801)
		at ca.mcgill.mcb.pcingola.vcf.VcfEntry.<init>(VcfEntry.java:101)
		at ca.mcgill.mcb.pcingola.fileIterator.VcfFileIterator.parseVcfLine(VcfFileIterator.java:119)
		... 10 more
	
	
	NEW VERSION!
		There is a new SnpEff version available: 
			Version      : 4.3
			Release date : 2019-01-26
			Download URL : http://sourceforge.net/projects/snpeff/files/snpEff_latest_core.zip
	
	Traceback (most recent call last):
	  File "/private/home/drkthomp/protect/src/protect/common.py", line 137, in docker_call
	    subprocess.check_call(call, stdout=outfile)
	  File "/usr/lib64/python3.6/subprocess.py", line 291, in check_call
	    raise CalledProcessError(retcode, cmd)
	subprocess.CalledProcessError: Command '['docker', 'run', '-e', 'JAVA_OPTS=-Xmx20G', '--rm=true', '-v', '/data/scratch/drkthomp/workDir/node-07bb02be-9a96-4f5b-81fc-f2b6e941d0cd-e8611b53-bdab-4598-acae-87977f99831e/tmprwgjya7z/81366fe9-9fe3-4c11-afa5-b66f63bb2994:/data', '--log-driver=none', 'aarjunrao/snpeff:3.6', 'eff', '-dataDir', '/data/data', '-c', '/data/data/snpEff_hg38_gencode.config', '-no-intergenic', '-no-downstream', '-no-upstream', '-noStats', 'hg38_gencode', '/data/merged_mutations.vcf']' returned non-zero exit status 255.
	
	During handling of the above exception, another exception occurred:
	
	Traceback (most recent call last):
	  File "/private/home/drkthomp/protect/venv/lib/python3.6/site-packages/toil/worker.py", line 368, in workerScript
	    job._runner(jobGraph=jobGraph, jobStore=jobStore, fileStore=fileStore, defer=defer)
	  File "/private/home/drkthomp/protect/venv/lib/python3.6/site-packages/toil/job.py", line 1424, in _runner
	    returnValues = self._run(jobGraph, fileStore)
	  File "/private/home/drkthomp/protect/venv/lib/python3.6/site-packages/toil/job.py", line 1361, in _run
	    return self.run(fileStore)
	  File "/private/home/drkthomp/protect/venv/lib/python3.6/site-packages/toil/job.py", line 1565, in run
	    rValue = userFunction(*((self,) + tuple(self._args)), **self._kwargs)
	  File "/private/home/drkthomp/protect/src/protect/mutation_annotation/snpeff.py", line 65, in run_snpeff
	    tool_version=snpeff_options['version'])
	  File "/private/home/drkthomp/protect/src/protect/common.py", line 140, in docker_call
	    'for command \"%s\"' % ' '.join(call),)
	RuntimeError: docker command returned a non-zero exit status (255)for command "docker run -e JAVA_OPTS=-Xmx20G --rm=true -v /data/scratch/drkthomp/workDir/node-07bb02be-9a96-4f5b-81fc-f2b6e941d0cd-e8611b53-bdab-4598-acae-87977f99831e/tmprwgjya7z/81366fe9-9fe3-4c11-afa5-b66f63bb2994:/data --log-driver=none aarjunrao/snpeff:3.6 eff -dataDir /data/data -c /data/data/snpEff_hg38_gencode.config -no-intergenic -no-downstream -no-upstream -noStats hg38_gencode /data/merged_mutations.vcf"
	[2020-12-31T15:29:18-0800] [MainThread] [E] [toil.worker] Exiting the worker because of a failed job on host mustard
<=========
[2020-12-31T15:29:19-0800] [MainThread] [W] [toil.jobGraph] Due to failure we are reducing the remaining retry count of job 'run_snpeff' kind-run_snpeff/instance-cfiaelb3 with ID kind-run_snpeff/instance-cfiaelb3 to 0
[2020-12-31T15:29:19-0800] [MainThread] [W] [toil.leader] Job 'run_snpeff' kind-run_snpeff/instance-cfiaelb3 with ID kind-run_snpeff/instance-cfiaelb3 is completely failed
[2020-12-31T15:29:54-0800] [Thread-3  ] [I] [toil.statsAndLogging] Got message from job at time 12-31-2020 15:29:54: Ran cutadapt on VARIANT successfully
[2020-12-31T15:29:54-0800] [MainThread] [I] [toil.leader] Job ended: 'run_cutadapt' kind-run_cutadapt/instance-bcnuuogh
[2020-12-31T15:29:54-0800] [MainThread] [I] [toil.leader] Issued job 'Job' kind-Job/instance-enui6ogm with job batch system ID: 39 and cores: 0, disk: 100.0 M, and memory: 512.0 M
[2020-12-31T15:29:55-0800] [MainThread] [I] [toil.worker] Redirecting logging to /scratch/drkthomp/workDir/node-07bb02be-9a96-4f5b-81fc-f2b6e941d0cd-e8611b53-bdab-4598-acae-87977f99831e/tmpw0gkkjim/worker_log.txt
[2020-12-31T15:29:55-0800] [MainThread] [I] [toil.leader] Job ended: 'Job' kind-Job/instance-enui6ogm
[2020-12-31T15:29:55-0800] [MainThread] [I] [toil.leader] Issued job 'EncapsulatedJob' kind-EncapsulatedJob/instance-stk18ums with job batch system ID: 40 and cores: 1, disk: 100.0 M, and memory: 2.0 G
[2020-12-31T15:29:55-0800] [MainThread] [I] [toil.worker] Redirecting logging to /scratch/drkthomp/workDir/node-07bb02be-9a96-4f5b-81fc-f2b6e941d0cd-e8611b53-bdab-4598-acae-87977f99831e/tmpbtpb_5hc/worker_log.txt
[2020-12-31T15:29:55-0800] [MainThread] [I] [toil.leader] Job ended: 'EncapsulatedJob' kind-EncapsulatedJob/instance-stk18ums
[2020-12-31T15:29:55-0800] [MainThread] [I] [toil.leader] Issued job 'run_star' kind-run_star/instance-gvazcfl8 with job batch system ID: 41 and cores: 80, disk: 56.3 G, and memory: 48.6 G
[2020-12-31T15:29:56-0800] [MainThread] [I] [toil.worker] Redirecting logging to /scratch/drkthomp/workDir/node-07bb02be-9a96-4f5b-81fc-f2b6e941d0cd-e8611b53-bdab-4598-acae-87977f99831e/tmp4q6zmg9j/worker_log.txt
