[2020-12-21T13:52:42-0800] [MainThread] [I] [toil] Running Toil version 4.2.0-3aa1da130141039cb357efe36d7df9b9f6ae9b5b on host mustard.
[2020-12-21T13:52:43-0800] [MainThread] [I] [toil.leader] Issued job 'parse_config_file' kind-parse_config_file/instance-qnp30l8f with job batch system ID: 0 and cores: 1, disk: 2.0 G, and memory: 2.0 G
[2020-12-21T13:52:44-0800] [MainThread] [I] [toil.worker] Redirecting logging to /scratch/drkthomp/workDir/node-c6dd6166-0e17-47a0-b05b-0af0433282a6-e8611b53-bdab-4598-acae-87977f99831e/tmpxpk9l4go/worker_log.txt
[2020-12-21T13:52:45-0800] [MainThread] [I] [toil.leader] Job ended: 'parse_config_file' kind-parse_config_file/instance-qnp30l8f
[2020-12-21T13:52:45-0800] [MainThread] [I] [toil.leader] 0 jobs are running, 0 jobs are issued and waiting to run
[2020-12-21T13:52:45-0800] [MainThread] [I] [toil.leader] Issued job 'get_pipeline_inputs' kind-get_pipeline_inputs/instance-ka1e7c88 with job batch system ID: 1 and cores: 1, disk: 2.0 G, and memory: 2.0 G
[2020-12-21T13:52:45-0800] [MainThread] [I] [toil.leader] Issued job 'get_pipeline_inputs' kind-get_pipeline_inputs/instance-fakpzf4c with job batch system ID: 2 and cores: 1, disk: 2.0 G, and memory: 2.0 G
[2020-12-21T13:52:45-0800] [MainThread] [I] [toil.leader] Issued job 'get_pipeline_inputs' kind-get_pipeline_inputs/instance-ocplp5km with job batch system ID: 3 and cores: 1, disk: 2.0 G, and memory: 2.0 G
[2020-12-21T13:52:45-0800] [MainThread] [I] [toil.leader] Issued job 'get_pipeline_inputs' kind-get_pipeline_inputs/instance-t73bgsoa with job batch system ID: 4 and cores: 1, disk: 2.0 G, and memory: 2.0 G
[2020-12-21T13:52:45-0800] [MainThread] [I] [toil.leader] Issued job 'get_pipeline_inputs' kind-get_pipeline_inputs/instance-pfykl4yf with job batch system ID: 5 and cores: 1, disk: 2.0 G, and memory: 2.0 G
[2020-12-21T13:52:45-0800] [MainThread] [I] [toil.leader] Issued job 'get_pipeline_inputs' kind-get_pipeline_inputs/instance-2dq2k91p with job batch system ID: 6 and cores: 1, disk: 2.0 G, and memory: 2.0 G
[2020-12-21T13:52:45-0800] [MainThread] [I] [toil.leader] Issued job 'get_pipeline_inputs' kind-get_pipeline_inputs/instance-w9n6aja0 with job batch system ID: 7 and cores: 1, disk: 2.0 G, and memory: 2.0 G
[2020-12-21T13:52:45-0800] [MainThread] [I] [toil.leader] Issued job 'get_pipeline_inputs' kind-get_pipeline_inputs/instance-u9byr957 with job batch system ID: 8 and cores: 1, disk: 2.0 G, and memory: 2.0 G
[2020-12-21T13:52:45-0800] [MainThread] [I] [toil.leader] Issued job 'get_pipeline_inputs' kind-get_pipeline_inputs/instance-gnl79bqx with job batch system ID: 9 and cores: 1, disk: 2.0 G, and memory: 2.0 G
[2020-12-21T13:52:45-0800] [MainThread] [I] [toil.leader] Issued job 'get_pipeline_inputs' kind-get_pipeline_inputs/instance-yg5kyynt with job batch system ID: 10 and cores: 1, disk: 2.0 G, and memory: 2.0 G
[2020-12-21T13:52:45-0800] [MainThread] [I] [toil.leader] Issued job 'get_pipeline_inputs' kind-get_pipeline_inputs/instance-9lv2uxdn with job batch system ID: 11 and cores: 1, disk: 2.0 G, and memory: 2.0 G
[2020-12-21T13:52:45-0800] [MainThread] [I] [toil.leader] Issued job 'get_pipeline_inputs' kind-get_pipeline_inputs/instance-ersstm1g with job batch system ID: 12 and cores: 1, disk: 2.0 G, and memory: 2.0 G
[2020-12-21T13:52:45-0800] [MainThread] [I] [toil.leader] Issued job 'get_pipeline_inputs' kind-get_pipeline_inputs/instance-kb3t_1al with job batch system ID: 13 and cores: 1, disk: 2.0 G, and memory: 2.0 G
[2020-12-21T13:52:45-0800] [MainThread] [I] [toil.leader] Issued job 'get_pipeline_inputs' kind-get_pipeline_inputs/instance-90ll3zip with job batch system ID: 14 and cores: 1, disk: 2.0 G, and memory: 2.0 G
[2020-12-21T13:52:45-0800] [MainThread] [I] [toil.leader] Issued job 'get_pipeline_inputs' kind-get_pipeline_inputs/instance-7eaf2cn9 with job batch system ID: 15 and cores: 1, disk: 2.0 G, and memory: 2.0 G
[2020-12-21T13:52:45-0800] [MainThread] [I] [toil.leader] Issued job 'get_pipeline_inputs' kind-get_pipeline_inputs/instance-gtilo0bp with job batch system ID: 16 and cores: 1, disk: 2.0 G, and memory: 2.0 G
[2020-12-21T13:52:45-0800] [MainThread] [I] [toil.leader] Issued job 'get_pipeline_inputs' kind-get_pipeline_inputs/instance-3tjjwx8f with job batch system ID: 17 and cores: 1, disk: 2.0 G, and memory: 2.0 G
[2020-12-21T13:52:45-0800] [MainThread] [I] [toil.leader] Issued job 'get_pipeline_inputs' kind-get_pipeline_inputs/instance-ebh8swza with job batch system ID: 18 and cores: 1, disk: 2.0 G, and memory: 2.0 G
[2020-12-21T13:52:45-0800] [MainThread] [I] [toil.leader] Issued job 'get_pipeline_inputs' kind-get_pipeline_inputs/instance-7rm_ixnh with job batch system ID: 19 and cores: 1, disk: 2.0 G, and memory: 2.0 G
[2020-12-21T13:52:45-0800] [MainThread] [I] [toil.leader] Issued job 'get_pipeline_inputs' kind-get_pipeline_inputs/instance-typw2f5a with job batch system ID: 20 and cores: 1, disk: 2.0 G, and memory: 2.0 G
[2020-12-21T13:52:45-0800] [MainThread] [I] [toil.leader] Issued job 'get_pipeline_inputs' kind-get_pipeline_inputs/instance-1b12n7nr with job batch system ID: 21 and cores: 1, disk: 2.0 G, and memory: 2.0 G
[2020-12-21T13:52:45-0800] [MainThread] [I] [toil.leader] Issued job 'get_pipeline_inputs' kind-get_pipeline_inputs/instance-9x45wqo9 with job batch system ID: 22 and cores: 1, disk: 2.0 G, and memory: 2.0 G
[2020-12-21T13:52:45-0800] [MainThread] [I] [toil.leader] Issued job 'get_pipeline_inputs' kind-get_pipeline_inputs/instance-mo3obvdp with job batch system ID: 23 and cores: 1, disk: 2.0 G, and memory: 2.0 G
[2020-12-21T13:52:45-0800] [MainThread] [I] [toil.leader] Issued job 'get_pipeline_inputs' kind-get_pipeline_inputs/instance-qml_05g8 with job batch system ID: 24 and cores: 1, disk: 2.0 G, and memory: 2.0 G
[2020-12-21T13:52:45-0800] [MainThread] [I] [toil.leader] Issued job 'get_pipeline_inputs' kind-get_pipeline_inputs/instance-nb4owio4 with job batch system ID: 25 and cores: 1, disk: 2.0 G, and memory: 2.0 G
[2020-12-21T13:52:45-0800] [MainThread] [I] [toil.leader] Issued job 'get_pipeline_inputs' kind-get_pipeline_inputs/instance-2565s3ml with job batch system ID: 26 and cores: 1, disk: 2.0 G, and memory: 2.0 G
[2020-12-21T13:52:45-0800] [MainThread] [I] [toil.leader] Issued job 'get_pipeline_inputs' kind-get_pipeline_inputs/instance-074x3cvn with job batch system ID: 27 and cores: 1, disk: 2.0 G, and memory: 2.0 G
[2020-12-21T13:52:45-0800] [MainThread] [I] [toil.leader] Issued job 'get_pipeline_inputs' kind-get_pipeline_inputs/instance-k9b1bhfg with job batch system ID: 28 and cores: 1, disk: 2.0 G, and memory: 2.0 G
[2020-12-21T13:52:45-0800] [MainThread] [I] [toil.leader] Issued job 'get_pipeline_inputs' kind-get_pipeline_inputs/instance-gmu1i0e5 with job batch system ID: 29 and cores: 1, disk: 2.0 G, and memory: 2.0 G
[2020-12-21T13:52:45-0800] [Thread-3  ] [I] [toil.statsAndLogging] Got message from job at time 12-21-2020 13:52:45: Parsing config file
[2020-12-21T13:52:45-0800] [Thread-3  ] [I] [toil.statsAndLogging] Got message from job at time 12-21-2020 13:52:45: Obtaining tool inputs
[2020-12-21T13:52:45-0800] [Thread-3  ] [I] [toil.statsAndLogging] Got message from job at time 12-21-2020 13:52:45: Obtained tool inputs
[2020-12-21T13:52:46-0800] [MainThread] [I] [toil.worker] Redirecting logging to /scratch/drkthomp/workDir/node-c6dd6166-0e17-47a0-b05b-0af0433282a6-e8611b53-bdab-4598-acae-87977f99831e/tmp4wkach9v/worker_log.txt
[2020-12-21T13:52:46-0800] [MainThread] [I] [toil.worker] Redirecting logging to /scratch/drkthomp/workDir/node-c6dd6166-0e17-47a0-b05b-0af0433282a6-e8611b53-bdab-4598-acae-87977f99831e/tmp7i1r113m/worker_log.txt
[2020-12-21T13:52:46-0800] [MainThread] [I] [toil.worker] Redirecting logging to /scratch/drkthomp/workDir/node-c6dd6166-0e17-47a0-b05b-0af0433282a6-e8611b53-bdab-4598-acae-87977f99831e/tmpjwlwceyb/worker_log.txt
[2020-12-21T13:52:46-0800] [MainThread] [I] [toil.worker] Redirecting logging to /scratch/drkthomp/workDir/node-c6dd6166-0e17-47a0-b05b-0af0433282a6-e8611b53-bdab-4598-acae-87977f99831e/tmpz9sy4628/worker_log.txt
[2020-12-21T13:52:46-0800] [MainThread] [I] [toil.worker] Redirecting logging to /scratch/drkthomp/workDir/node-c6dd6166-0e17-47a0-b05b-0af0433282a6-e8611b53-bdab-4598-acae-87977f99831e/tmp0ro0zl7s/worker_log.txt
[2020-12-21T13:52:46-0800] [MainThread] [I] [toil.worker] Redirecting logging to /scratch/drkthomp/workDir/node-c6dd6166-0e17-47a0-b05b-0af0433282a6-e8611b53-bdab-4598-acae-87977f99831e/tmpm1arf4df/worker_log.txt
[2020-12-21T13:52:46-0800] [MainThread] [I] [toil.worker] Redirecting logging to /scratch/drkthomp/workDir/node-c6dd6166-0e17-47a0-b05b-0af0433282a6-e8611b53-bdab-4598-acae-87977f99831e/tmpcq07zuvb/worker_log.txt
[2020-12-21T13:52:46-0800] [MainThread] [I] [toil.worker] Redirecting logging to /scratch/drkthomp/workDir/node-c6dd6166-0e17-47a0-b05b-0af0433282a6-e8611b53-bdab-4598-acae-87977f99831e/tmppgb7clzf/worker_log.txt
[2020-12-21T13:52:46-0800] [MainThread] [I] [toil.worker] Redirecting logging to /scratch/drkthomp/workDir/node-c6dd6166-0e17-47a0-b05b-0af0433282a6-e8611b53-bdab-4598-acae-87977f99831e/tmpg1788pqc/worker_log.txt
[2020-12-21T13:52:46-0800] [MainThread] [I] [toil.worker] Redirecting logging to /scratch/drkthomp/workDir/node-c6dd6166-0e17-47a0-b05b-0af0433282a6-e8611b53-bdab-4598-acae-87977f99831e/tmpl5yn5qfv/worker_log.txt
[2020-12-21T13:52:46-0800] [MainThread] [I] [toil.worker] Redirecting logging to /scratch/drkthomp/workDir/node-c6dd6166-0e17-47a0-b05b-0af0433282a6-e8611b53-bdab-4598-acae-87977f99831e/tmprl0xezm4/worker_log.txt
[2020-12-21T13:52:46-0800] [MainThread] [I] [toil.worker] Redirecting logging to /scratch/drkthomp/workDir/node-c6dd6166-0e17-47a0-b05b-0af0433282a6-e8611b53-bdab-4598-acae-87977f99831e/tmpw4emevoy/worker_log.txt
[2020-12-21T13:52:46-0800] [MainThread] [I] [toil.worker] Redirecting logging to /scratch/drkthomp/workDir/node-c6dd6166-0e17-47a0-b05b-0af0433282a6-e8611b53-bdab-4598-acae-87977f99831e/tmp1jkyk0rg/worker_log.txt
[2020-12-21T13:52:46-0800] [MainThread] [I] [toil.worker] Redirecting logging to /scratch/drkthomp/workDir/node-c6dd6166-0e17-47a0-b05b-0af0433282a6-e8611b53-bdab-4598-acae-87977f99831e/tmpvap4iiu5/worker_log.txt
[2020-12-21T13:52:46-0800] [MainThread] [I] [toil.worker] Redirecting logging to /scratch/drkthomp/workDir/node-c6dd6166-0e17-47a0-b05b-0af0433282a6-e8611b53-bdab-4598-acae-87977f99831e/tmp99ioatjs/worker_log.txt
[2020-12-21T13:52:46-0800] [MainThread] [I] [toil.worker] Redirecting logging to /scratch/drkthomp/workDir/node-c6dd6166-0e17-47a0-b05b-0af0433282a6-e8611b53-bdab-4598-acae-87977f99831e/tmpwvegeqlc/worker_log.txt
[2020-12-21T13:52:46-0800] [MainThread] [I] [toil.worker] Redirecting logging to /scratch/drkthomp/workDir/node-c6dd6166-0e17-47a0-b05b-0af0433282a6-e8611b53-bdab-4598-acae-87977f99831e/tmpaqxt_t8b/worker_log.txt
[2020-12-21T13:52:46-0800] [MainThread] [I] [toil.worker] Redirecting logging to /scratch/drkthomp/workDir/node-c6dd6166-0e17-47a0-b05b-0af0433282a6-e8611b53-bdab-4598-acae-87977f99831e/tmplmxvalmx/worker_log.txt
[2020-12-21T13:52:46-0800] [MainThread] [I] [toil.worker] Redirecting logging to /scratch/drkthomp/workDir/node-c6dd6166-0e17-47a0-b05b-0af0433282a6-e8611b53-bdab-4598-acae-87977f99831e/tmpy61ejm54/worker_log.txt
[2020-12-21T13:52:46-0800] [MainThread] [I] [toil.worker] Redirecting logging to /scratch/drkthomp/workDir/node-c6dd6166-0e17-47a0-b05b-0af0433282a6-e8611b53-bdab-4598-acae-87977f99831e/tmpuburvuxd/worker_log.txt
[2020-12-21T13:52:46-0800] [MainThread] [I] [toil.worker] Redirecting logging to /scratch/drkthomp/workDir/node-c6dd6166-0e17-47a0-b05b-0af0433282a6-e8611b53-bdab-4598-acae-87977f99831e/tmplxa5vpl7/worker_log.txt
[2020-12-21T13:52:46-0800] [MainThread] [I] [toil.worker] Redirecting logging to /scratch/drkthomp/workDir/node-c6dd6166-0e17-47a0-b05b-0af0433282a6-e8611b53-bdab-4598-acae-87977f99831e/tmpa7w_0iy0/worker_log.txt
[2020-12-21T13:52:47-0800] [MainThread] [I] [toil.worker] Redirecting logging to /scratch/drkthomp/workDir/node-c6dd6166-0e17-47a0-b05b-0af0433282a6-e8611b53-bdab-4598-acae-87977f99831e/tmpc6t9789c/worker_log.txt
[2020-12-21T13:52:47-0800] [MainThread] [I] [toil.worker] Redirecting logging to /scratch/drkthomp/workDir/node-c6dd6166-0e17-47a0-b05b-0af0433282a6-e8611b53-bdab-4598-acae-87977f99831e/tmphhawwjoi/worker_log.txt
[2020-12-21T13:52:47-0800] [MainThread] [I] [toil.worker] Redirecting logging to /scratch/drkthomp/workDir/node-c6dd6166-0e17-47a0-b05b-0af0433282a6-e8611b53-bdab-4598-acae-87977f99831e/tmp4s80ihun/worker_log.txt
[2020-12-21T13:52:47-0800] [MainThread] [I] [toil.worker] Redirecting logging to /scratch/drkthomp/workDir/node-c6dd6166-0e17-47a0-b05b-0af0433282a6-e8611b53-bdab-4598-acae-87977f99831e/tmpnz5w46zy/worker_log.txt
[2020-12-21T13:52:47-0800] [MainThread] [I] [toil.worker] Redirecting logging to /scratch/drkthomp/workDir/node-c6dd6166-0e17-47a0-b05b-0af0433282a6-e8611b53-bdab-4598-acae-87977f99831e/tmpcwevhbuh/worker_log.txt
[2020-12-21T13:52:47-0800] [MainThread] [I] [toil.worker] Redirecting logging to /scratch/drkthomp/workDir/node-c6dd6166-0e17-47a0-b05b-0af0433282a6-e8611b53-bdab-4598-acae-87977f99831e/tmphowh77ep/worker_log.txt
[2020-12-21T13:52:47-0800] [MainThread] [I] [toil.worker] Redirecting logging to /scratch/drkthomp/workDir/node-c6dd6166-0e17-47a0-b05b-0af0433282a6-e8611b53-bdab-4598-acae-87977f99831e/tmpbjwivc0p/worker_log.txt
[2020-12-21T13:52:47-0800] [MainThread] [I] [toil.leader] Job ended: 'get_pipeline_inputs' kind-get_pipeline_inputs/instance-pfykl4yf
[2020-12-21T13:52:47-0800] [MainThread] [I] [toil.leader] Job ended: 'get_pipeline_inputs' kind-get_pipeline_inputs/instance-2dq2k91p
[2020-12-21T13:52:47-0800] [MainThread] [I] [toil.leader] Job ended: 'get_pipeline_inputs' kind-get_pipeline_inputs/instance-90ll3zip
[2020-12-21T13:52:47-0800] [MainThread] [I] [toil.leader] Job ended: 'get_pipeline_inputs' kind-get_pipeline_inputs/instance-qml_05g8
[2020-12-21T13:52:47-0800] [MainThread] [I] [toil.leader] Job ended: 'get_pipeline_inputs' kind-get_pipeline_inputs/instance-7eaf2cn9
[2020-12-21T13:52:47-0800] [Thread-3  ] [I] [toil.statsAndLogging] Got message from job at time 12-21-2020 13:52:47: Obtaining file (indexes:genome_dict) to the file job store
[2020-12-21T13:52:47-0800] [Thread-3  ] [I] [toil.statsAndLogging] Got message from job at time 12-21-2020 13:52:47: Obtaining file (indexes:genome_fai) to the file job store
[2020-12-21T13:52:47-0800] [Thread-3  ] [I] [toil.statsAndLogging] Got message from job at time 12-21-2020 13:52:47: Obtaining file (radia:retrogene_beds) to the file job store
[2020-12-21T13:52:47-0800] [Thread-3  ] [I] [toil.statsAndLogging] Got message from job at time 12-21-2020 13:52:47: Obtaining file (mhci:method_file) to the file job store
[2020-12-21T13:52:47-0800] [Thread-3  ] [I] [toil.statsAndLogging] Got message from job at time 12-21-2020 13:52:47: Obtaining file (radia:pseudogene_beds) to the file job store
[2020-12-21T13:52:47-0800] [Thread-3  ] [I] [toil.statsAndLogging] Got message from job at time 12-21-2020 13:52:47: Obtaining file (indexes:cosmic_idx) to the file job store
[2020-12-21T13:52:47-0800] [Thread-3  ] [I] [toil.statsAndLogging] Got message from job at time 12-21-2020 13:52:47: Obtaining file (reports:mhc_pathways_file) to the file job store
[2020-12-21T13:52:47-0800] [Thread-3  ] [I] [toil.statsAndLogging] Got message from job at time 12-21-2020 13:52:47: Obtaining file (reports:car_t_targets_file) to the file job store
[2020-12-21T13:52:47-0800] [Thread-3  ] [I] [toil.statsAndLogging] Got message from job at time 12-21-2020 13:52:47: Obtaining file (strelka:config_file) to the file job store
[2020-12-21T13:52:47-0800] [Thread-3  ] [I] [toil.statsAndLogging] Got message from job at time 12-21-2020 13:52:47: Obtaining file (mhcii:method_file) to the file job store
[2020-12-21T13:52:47-0800] [Thread-3  ] [I] [toil.statsAndLogging] Got message from job at time 12-21-2020 13:52:47: Obtaining file (indexes:dbsnp_tbi) to the file job store
[2020-12-21T13:52:47-0800] [Thread-3  ] [I] [toil.statsAndLogging] Got message from job at time 12-21-2020 13:52:47: Obtaining file (reports:immune_resistance_pathways_file) to the file job store
[2020-12-21T13:52:47-0800] [Thread-3  ] [I] [toil.statsAndLogging] Got message from job at time 12-21-2020 13:52:47: Obtaining file (reports:itx_resistance_file) to the file job store
[2020-12-21T13:52:47-0800] [MainThread] [I] [toil.leader] Job ended: 'get_pipeline_inputs' kind-get_pipeline_inputs/instance-2565s3ml
[2020-12-21T13:52:47-0800] [MainThread] [I] [toil.leader] Job ended: 'get_pipeline_inputs' kind-get_pipeline_inputs/instance-u9byr957
[2020-12-21T13:52:47-0800] [MainThread] [I] [toil.leader] Job ended: 'get_pipeline_inputs' kind-get_pipeline_inputs/instance-k9b1bhfg
[2020-12-21T13:52:47-0800] [MainThread] [I] [toil.leader] Job ended: 'get_pipeline_inputs' kind-get_pipeline_inputs/instance-9lv2uxdn
[2020-12-21T13:52:47-0800] [MainThread] [I] [toil.leader] Job ended: 'get_pipeline_inputs' kind-get_pipeline_inputs/instance-gmu1i0e5
[2020-12-21T13:52:47-0800] [MainThread] [I] [toil.leader] Job ended: 'get_pipeline_inputs' kind-get_pipeline_inputs/instance-nb4owio4
[2020-12-21T13:52:47-0800] [MainThread] [I] [toil.leader] Job ended: 'get_pipeline_inputs' kind-get_pipeline_inputs/instance-3tjjwx8f
[2020-12-21T13:52:47-0800] [MainThread] [I] [toil.leader] Job ended: 'get_pipeline_inputs' kind-get_pipeline_inputs/instance-074x3cvn
[2020-12-21T13:52:47-0800] [MainThread] [I] [toil.leader] Job ended: 'get_pipeline_inputs' kind-get_pipeline_inputs/instance-gtilo0bp
[2020-12-21T13:52:48-0800] [MainThread] [I] [toil.leader] Job ended: 'get_pipeline_inputs' kind-get_pipeline_inputs/instance-yg5kyynt
[2020-12-21T13:52:48-0800] [Thread-3  ] [I] [toil.statsAndLogging] Got message from job at time 12-21-2020 13:52:48: Obtaining file (radia:gencode_beds) to the file job store
[2020-12-21T13:52:48-0800] [Thread-3  ] [I] [toil.statsAndLogging] Got message from job at time 12-21-2020 13:52:48: Obtaining file (indexes:dbsnp_idx) to the file job store
[2020-12-21T13:52:49-0800] [Thread-3  ] [I] [toil.statsAndLogging] Got message from job at time 12-21-2020 13:52:49: Obtaining file (transgene:gencode_peptide_fasta) to the file job store
[2020-12-21T13:52:49-0800] [MainThread] [I] [toil.leader] Job ended: 'get_pipeline_inputs' kind-get_pipeline_inputs/instance-7rm_ixnh
[2020-12-21T13:52:50-0800] [Thread-3  ] [I] [toil.statsAndLogging] Got message from job at time 12-21-2020 13:52:50: Obtaining file (radia:cosmic_beds) to the file job store
[2020-12-21T13:52:50-0800] [MainThread] [I] [toil.leader] Job ended: 'get_pipeline_inputs' kind-get_pipeline_inputs/instance-ersstm1g
[2020-12-21T13:52:50-0800] [MainThread] [I] [toil.leader] Job ended: 'get_pipeline_inputs' kind-get_pipeline_inputs/instance-w9n6aja0
[2020-12-21T13:52:50-0800] [Thread-3  ] [I] [toil.statsAndLogging] Got message from job at time 12-21-2020 13:52:50: Obtaining file (indexes:cosmic_vcf) to the file job store
[2020-12-21T13:52:52-0800] [MainThread] [I] [toil.leader] Job ended: 'get_pipeline_inputs' kind-get_pipeline_inputs/instance-typw2f5a
[2020-12-21T13:52:52-0800] [Thread-3  ] [I] [toil.statsAndLogging] Got message from job at time 12-21-2020 13:52:52: Obtaining file (transgene:gencode_transcript_fasta) to the file job store
[2020-12-21T13:52:52-0800] [Thread-3  ] [I] [toil.statsAndLogging] Got message from job at time 12-21-2020 13:52:52: Obtaining file (transgene:gencode_annotation_gtf) to the file job store
[2020-12-21T13:52:52-0800] [MainThread] [I] [toil.leader] Job ended: 'get_pipeline_inputs' kind-get_pipeline_inputs/instance-1b12n7nr
[2020-12-21T13:53:41-0800] [Thread-3  ] [I] [toil.statsAndLogging] Got message from job at time 12-21-2020 13:53:41: Obtaining file (radia:dbsnp_beds) to the file job store
[2020-12-21T13:53:42-0800] [MainThread] [I] [toil.leader] Job ended: 'get_pipeline_inputs' kind-get_pipeline_inputs/instance-kb3t_1al
[2020-12-21T13:53:45-0800] [MainThread] [I] [toil.leader] Job ended: 'get_pipeline_inputs' kind-get_pipeline_inputs/instance-t73bgsoa
[2020-12-21T13:53:45-0800] [MainThread] [I] [toil.leader] Job ended: 'get_pipeline_inputs' kind-get_pipeline_inputs/instance-9x45wqo9
[2020-12-21T13:53:45-0800] [Thread-3  ] [I] [toil.statsAndLogging] Got message from job at time 12-21-2020 13:53:45: Obtaining file (indexes:genome_fasta) to the file job store
[2020-12-21T13:53:45-0800] [Thread-3  ] [I] [toil.statsAndLogging] Got message from job at time 12-21-2020 13:53:45: Obtaining file (transgene:genome_fasta) to the file job store
[2020-12-21T13:53:48-0800] [MainThread] [I] [toil.leader] Job ended: 'get_pipeline_inputs' kind-get_pipeline_inputs/instance-ebh8swza
[2020-12-21T13:53:48-0800] [Thread-3  ] [I] [toil.statsAndLogging] Got message from job at time 12-21-2020 13:53:48: Obtaining file (snpeff:index) to the file job store
[2020-12-21T13:53:49-0800] [Thread-3  ] [I] [toil.statsAndLogging] Got message from job at time 12-21-2020 13:53:49: Obtaining file (rsem:index) to the file job store
[2020-12-21T13:53:49-0800] [MainThread] [I] [toil.leader] Job ended: 'get_pipeline_inputs' kind-get_pipeline_inputs/instance-ocplp5km
[2020-12-21T13:54:44-0800] [MainThread] [I] [toil.leader] Job ended: 'get_pipeline_inputs' kind-get_pipeline_inputs/instance-gnl79bqx
[2020-12-21T13:54:44-0800] [Thread-3  ] [I] [toil.statsAndLogging] Got message from job at time 12-21-2020 13:54:44: Obtaining file (indexes:dbsnp_vcf) to the file job store
[2020-12-21T13:55:24-0800] [MainThread] [I] [toil.leader] Job ended: 'get_pipeline_inputs' kind-get_pipeline_inputs/instance-fakpzf4c
[2020-12-21T13:55:24-0800] [Thread-3  ] [I] [toil.statsAndLogging] Got message from job at time 12-21-2020 13:55:24: Obtaining file (bwa:index) to the file job store
[2020-12-21T13:56:03-0800] [MainThread] [I] [toil.leader] Job ended: 'get_pipeline_inputs' kind-get_pipeline_inputs/instance-mo3obvdp
[2020-12-21T13:56:03-0800] [Thread-3  ] [I] [toil.statsAndLogging] Got message from job at time 12-21-2020 13:56:03: Obtaining file (phlat:index) to the file job store
[2020-12-21T14:04:25-0800] [MainThread] [I] [toil.leader] Job ended: 'get_pipeline_inputs' kind-get_pipeline_inputs/instance-ka1e7c88
[2020-12-21T14:04:25-0800] [MainThread] [I] [toil.leader] Issued job 'launch_protect' kind-launch_protect/instance-7dj2ax0m with job batch system ID: 30 and cores: 1, disk: 2.0 G, and memory: 2.0 G
[2020-12-21T14:04:25-0800] [Thread-3  ] [I] [toil.statsAndLogging] Got message from job at time 12-21-2020 14:04:25: Obtaining file (star:index) to the file job store
[2020-12-21T14:04:25-0800] [MainThread] [I] [toil.worker] Redirecting logging to /scratch/drkthomp/workDir/node-c6dd6166-0e17-47a0-b05b-0af0433282a6-e8611b53-bdab-4598-acae-87977f99831e/tmp7hjqhqb5/worker_log.txt
[2020-12-21T14:04:26-0800] [MainThread] [I] [toil.leader] Job ended: 'launch_protect' kind-launch_protect/instance-7dj2ax0m
[2020-12-21T14:04:26-0800] [MainThread] [I] [toil.leader] Issued job 'prepare_samples' kind-prepare_samples/instance-9t_j7xfw with job batch system ID: 31 and cores: 1, disk: 40.0 G, and memory: 2.0 G
[2020-12-21T14:04:27-0800] [MainThread] [I] [toil.worker] Redirecting logging to /scratch/drkthomp/workDir/node-c6dd6166-0e17-47a0-b05b-0af0433282a6-e8611b53-bdab-4598-acae-87977f99831e/tmp5etsfmlm/worker_log.txt
[2020-12-21T14:04:47-0800] [MainThread] [I] [toil.leader] Job ended: 'prepare_samples' kind-prepare_samples/instance-9t_j7xfw
[2020-12-21T14:04:47-0800] [MainThread] [I] [toil.leader] Issued job 'get_patient_fastqs' kind-get_patient_fastqs/instance-pezrlznb with job batch system ID: 32 and cores: 1, disk: 10.0 M, and memory: 2.0 G
[2020-12-21T14:04:47-0800] [MainThread] [I] [toil.leader] Issued job 'get_patient_fastqs' kind-get_patient_fastqs/instance-3g3_xeet with job batch system ID: 33 and cores: 1, disk: 10.0 M, and memory: 2.0 G
[2020-12-21T14:04:47-0800] [MainThread] [I] [toil.leader] Issued job 'get_patient_fastqs' kind-get_patient_fastqs/instance-u65j7la1 with job batch system ID: 34 and cores: 1, disk: 10.0 M, and memory: 2.0 G
[2020-12-21T14:04:47-0800] [MainThread] [I] [toil.leader] Issued job 'get_patient_vcf' kind-get_patient_vcf/instance-zeb9zu6_ with job batch system ID: 35 and cores: 1, disk: 2.0 G, and memory: 2.0 G
[2020-12-21T14:04:47-0800] [Thread-3  ] [I] [toil.statsAndLogging] Got message from job at time 12-21-2020 14:04:47: Downloading Inputs for TEST
[2020-12-21T14:04:47-0800] [Thread-3  ] [I] [toil.statsAndLogging] Got message from job at time 12-21-2020 14:04:47: Obtaining file (TEST:tumor_rna_fastq_1) to the file job store
[2020-12-21T14:04:47-0800] [Thread-3  ] [I] [toil.statsAndLogging] Got message from job at time 12-21-2020 14:04:47: Obtaining file (TEST:tumor_dna_fastq_2) to the file job store
[2020-12-21T14:04:47-0800] [Thread-3  ] [I] [toil.statsAndLogging] Got message from job at time 12-21-2020 14:04:47: Obtaining file (TEST:tumor_rna_fastq_2) to the file job store
[2020-12-21T14:04:47-0800] [Thread-3  ] [I] [toil.statsAndLogging] Got message from job at time 12-21-2020 14:04:47: Obtaining file (TEST:normal_dna_fastq_1) to the file job store
[2020-12-21T14:04:47-0800] [Thread-3  ] [I] [toil.statsAndLogging] Got message from job at time 12-21-2020 14:04:47: Obtaining file (TEST:tumor_dna_fastq_1) to the file job store
[2020-12-21T14:04:47-0800] [Thread-3  ] [I] [toil.statsAndLogging] Got message from job at time 12-21-2020 14:04:47: Obtaining file (TEST:normal_dna_fastq_2) to the file job store
[2020-12-21T14:04:47-0800] [Thread-3  ] [I] [toil.statsAndLogging] Got message from job at time 12-21-2020 14:04:47: Obtaining file (TEST:mutation_vcf) to the file job store
[2020-12-21T14:04:48-0800] [MainThread] [I] [toil.worker] Redirecting logging to /scratch/drkthomp/workDir/node-c6dd6166-0e17-47a0-b05b-0af0433282a6-e8611b53-bdab-4598-acae-87977f99831e/tmpxbqtfxgs/worker_log.txt
[2020-12-21T14:04:48-0800] [MainThread] [I] [toil.worker] Redirecting logging to /scratch/drkthomp/workDir/node-c6dd6166-0e17-47a0-b05b-0af0433282a6-e8611b53-bdab-4598-acae-87977f99831e/tmp84q4dnrs/worker_log.txt
[2020-12-21T14:04:49-0800] [MainThread] [I] [toil.worker] Redirecting logging to /scratch/drkthomp/workDir/node-c6dd6166-0e17-47a0-b05b-0af0433282a6-e8611b53-bdab-4598-acae-87977f99831e/tmphqvd73b6/worker_log.txt
[2020-12-21T14:04:49-0800] [MainThread] [I] [toil.leader] Job ended: 'get_patient_fastqs' kind-get_patient_fastqs/instance-pezrlznb
[2020-12-21T14:04:49-0800] [MainThread] [I] [toil.leader] Issued job 'EncapsulatedJob' kind-EncapsulatedJob/instance-5avoh20i with job batch system ID: 36 and cores: 0, disk: 1.0 M, and memory: 32.0 M
[2020-12-21T14:04:49-0800] [MainThread] [I] [toil.worker] Redirecting logging to /scratch/drkthomp/workDir/node-c6dd6166-0e17-47a0-b05b-0af0433282a6-e8611b53-bdab-4598-acae-87977f99831e/tmp8h1xsr46/worker_log.txt
[2020-12-21T14:04:49-0800] [MainThread] [I] [toil.leader] Job ended: 'get_patient_fastqs' kind-get_patient_fastqs/instance-u65j7la1
[2020-12-21T14:04:49-0800] [MainThread] [I] [toil.leader] Issued job 'EncapsulatedJob' kind-EncapsulatedJob/instance-fihf81cr with job batch system ID: 37 and cores: 0, disk: 1.0 M, and memory: 32.0 M
[2020-12-21T14:04:49-0800] [MainThread] [I] [toil.leader] Issued job 'EncapsulatedJob' kind-EncapsulatedJob/instance-vojrelfc with job batch system ID: 38 and cores: 0, disk: 1.0 M, and memory: 32.0 M
[2020-12-21T14:04:49-0800] [MainThread] [I] [toil.worker] Redirecting logging to /scratch/drkthomp/workDir/node-c6dd6166-0e17-47a0-b05b-0af0433282a6-e8611b53-bdab-4598-acae-87977f99831e/tmp8phc0kji/worker_log.txt
[2020-12-21T14:04:49-0800] [MainThread] [I] [toil.leader] Job ended: 'EncapsulatedJob' kind-EncapsulatedJob/instance-5avoh20i
[2020-12-21T14:04:49-0800] [MainThread] [I] [toil.leader] Issued job 'run_phlat' kind-run_phlat/instance-tt0mnq6g with job batch system ID: 39 and cores: 80, disk: 8.4 G, and memory: 2.0 G
[2020-12-21T14:04:49-0800] [MainThread] [I] [toil.leader] Job ended: 'get_patient_fastqs' kind-get_patient_fastqs/instance-3g3_xeet
[2020-12-21T14:04:49-0800] [MainThread] [I] [toil.leader] Issued job 'EncapsulatedJob' kind-EncapsulatedJob/instance-f8d3majs with job batch system ID: 40 and cores: 0, disk: 1.0 M, and memory: 32.0 M
[2020-12-21T14:04:49-0800] [MainThread] [I] [toil.worker] Redirecting logging to /scratch/drkthomp/workDir/node-c6dd6166-0e17-47a0-b05b-0af0433282a6-e8611b53-bdab-4598-acae-87977f99831e/tmp8xpg2g3h/worker_log.txt
[2020-12-21T14:04:50-0800] [MainThread] [I] [toil.worker] Redirecting logging to /scratch/drkthomp/workDir/node-c6dd6166-0e17-47a0-b05b-0af0433282a6-e8611b53-bdab-4598-acae-87977f99831e/tmpt5uydzjo/worker_log.txt
[2020-12-21T14:04:50-0800] [MainThread] [I] [toil.leader] Job ended: 'get_patient_vcf' kind-get_patient_vcf/instance-zeb9zu6_
[2020-12-21T14:04:50-0800] [MainThread] [I] [toil.leader] Issued job 'run_snpeff' kind-run_snpeff/instance-zrfq3oz4 with job batch system ID: 41 and cores: 1, disk: 6.0 G, and memory: 2.0 G
[2020-12-21T14:04:50-0800] [MainThread] [I] [toil.leader] Job ended: 'EncapsulatedJob' kind-EncapsulatedJob/instance-fihf81cr
[2020-12-21T14:04:50-0800] [MainThread] [I] [toil.leader] Issued job 'run_phlat' kind-run_phlat/instance-_m8i3pqw with job batch system ID: 42 and cores: 80, disk: 8.2 G, and memory: 2.0 G
[2020-12-21T14:04:50-0800] [MainThread] [I] [toil.leader] Job ended: 'EncapsulatedJob' kind-EncapsulatedJob/instance-vojrelfc
[2020-12-21T14:04:50-0800] [MainThread] [I] [toil.leader] Issued job 'run_cutadapt' kind-run_cutadapt/instance-_h9g8ols with job batch system ID: 43 and cores: 1, disk: 1.8 G, and memory: 2.0 G
[2020-12-21T14:04:50-0800] [MainThread] [I] [toil.worker] Redirecting logging to /scratch/drkthomp/workDir/node-c6dd6166-0e17-47a0-b05b-0af0433282a6-e8611b53-bdab-4598-acae-87977f99831e/tmpwzzv77xj/worker_log.txt
[2020-12-21T14:04:50-0800] [MainThread] [I] [toil.worker] Redirecting logging to /scratch/drkthomp/workDir/node-c6dd6166-0e17-47a0-b05b-0af0433282a6-e8611b53-bdab-4598-acae-87977f99831e/tmpnd6toxs6/worker_log.txt
[2020-12-21T14:04:50-0800] [MainThread] [I] [toil.leader] Job ended: 'EncapsulatedJob' kind-EncapsulatedJob/instance-f8d3majs
[2020-12-21T14:04:50-0800] [MainThread] [I] [toil.leader] Issued job 'run_phlat' kind-run_phlat/instance-3d8r1hgw with job batch system ID: 44 and cores: 80, disk: 8.3 G, and memory: 2.0 G
[2020-12-21T14:04:50-0800] [MainThread] [I] [toil.worker] Redirecting logging to /scratch/drkthomp/workDir/node-c6dd6166-0e17-47a0-b05b-0af0433282a6-e8611b53-bdab-4598-acae-87977f99831e/tmp161wt0sa/worker_log.txt
[2020-12-21T14:04:50-0800] [MainThread] [I] [toil.worker] Redirecting logging to /scratch/drkthomp/workDir/node-c6dd6166-0e17-47a0-b05b-0af0433282a6-e8611b53-bdab-4598-acae-87977f99831e/tmpwt_xrs14/worker_log.txt
[2020-12-21T14:05:42-0800] [MainThread] [I] [toil.leader] Job ended: 'run_cutadapt' kind-run_cutadapt/instance-_h9g8ols
[2020-12-21T14:05:42-0800] [MainThread] [I] [toil.leader] Issued job 'Job' kind-Job/instance-d84dtur2 with job batch system ID: 45 and cores: 0, disk: 100.0 M, and memory: 512.0 M
[2020-12-21T14:05:42-0800] [Thread-3  ] [I] [toil.statsAndLogging] Got message from job at time 12-21-2020 14:05:42: Ran cutadapt on TEST successfully
[2020-12-21T14:05:43-0800] [MainThread] [I] [toil.worker] Redirecting logging to /scratch/drkthomp/workDir/node-c6dd6166-0e17-47a0-b05b-0af0433282a6-e8611b53-bdab-4598-acae-87977f99831e/tmp49w_m8ww/worker_log.txt
[2020-12-21T14:05:43-0800] [MainThread] [I] [toil.leader] Job ended: 'Job' kind-Job/instance-d84dtur2
[2020-12-21T14:05:43-0800] [MainThread] [I] [toil.leader] Issued job 'EncapsulatedJob' kind-EncapsulatedJob/instance-v03_6ru4 with job batch system ID: 46 and cores: 1, disk: 100.0 M, and memory: 2.0 G
[2020-12-21T14:05:44-0800] [MainThread] [I] [toil.worker] Redirecting logging to /scratch/drkthomp/workDir/node-c6dd6166-0e17-47a0-b05b-0af0433282a6-e8611b53-bdab-4598-acae-87977f99831e/tmpi6h2bbp7/worker_log.txt
[2020-12-21T14:05:44-0800] [MainThread] [I] [toil.leader] Job ended: 'EncapsulatedJob' kind-EncapsulatedJob/instance-v03_6ru4
[2020-12-21T14:05:44-0800] [MainThread] [I] [toil.leader] Issued job 'run_star' kind-run_star/instance-_mns3xz6 with job batch system ID: 47 and cores: 80, disk: 53.7 G, and memory: 48.6 G
[2020-12-21T14:06:53-0800] [Thread-3  ] [I] [toil.statsAndLogging] Got message from job at time 12-21-2020 14:06:53: Exporting files/for-job/kind-run_snpeff/instance-zrfq3oz4/file-gz8kav08/mutations.vcf to output location
[2020-12-21T14:06:53-0800] [Thread-3  ] [I] [toil.statsAndLogging] Got message from job at time 12-21-2020 14:06:53: Ran snpeff on TEST successfully
[2020-12-21T14:06:53-0800] [MainThread] [I] [toil.leader] Job ended: 'run_snpeff' kind-run_snpeff/instance-zrfq3oz4
[2020-12-21T14:06:53-0800] [MainThread] [I] [toil.leader] Issued job 'Job' kind-Job/instance-kfhm7px4 with job batch system ID: 48 and cores: 0, disk: 100.0 M, and memory: 512.0 M
[2020-12-21T14:06:54-0800] [MainThread] [I] [toil.worker] Redirecting logging to /scratch/drkthomp/workDir/node-c6dd6166-0e17-47a0-b05b-0af0433282a6-e8611b53-bdab-4598-acae-87977f99831e/tmp8fsyv2ff/worker_log.txt
[2020-12-21T14:11:38-0800] [Thread-3  ] [I] [toil.statsAndLogging] Got message from job at time 12-21-2020 14:11:38: Ran phlat on TEST:tumor_dna successfully
[2020-12-21T14:11:38-0800] [MainThread] [I] [toil.leader] Job ended: 'run_phlat' kind-run_phlat/instance-tt0mnq6g
[2020-12-21T14:11:38-0800] [MainThread] [I] [toil.leader] Issued job 'Job' kind-Job/instance-qiogdxrt with job batch system ID: 49 and cores: 0, disk: 100.0 M, and memory: 512.0 M
[2020-12-21T14:11:39-0800] [MainThread] [I] [toil.worker] Redirecting logging to /scratch/drkthomp/workDir/node-c6dd6166-0e17-47a0-b05b-0af0433282a6-e8611b53-bdab-4598-acae-87977f99831e/tmpkvlwnec0/worker_log.txt
[2020-12-21T14:11:39-0800] [MainThread] [I] [toil.worker] Redirecting logging to /scratch/drkthomp/workDir/node-c6dd6166-0e17-47a0-b05b-0af0433282a6-e8611b53-bdab-4598-acae-87977f99831e/tmpmspr0qtj/worker_log.txt
[2020-12-21T14:11:39-0800] [MainThread] [I] [toil.leader] Job ended: 'Job' kind-Job/instance-kfhm7px4
[2020-12-21T14:11:39-0800] [MainThread] [I] [toil.leader] Job ended: 'Job' kind-Job/instance-qiogdxrt
[2020-12-21T14:11:40-0800] [MainThread] [I] [toil.worker] Redirecting logging to /scratch/drkthomp/workDir/node-c6dd6166-0e17-47a0-b05b-0af0433282a6-e8611b53-bdab-4598-acae-87977f99831e/tmptj38zeik/worker_log.txt
[2020-12-21T14:12:33-0800] [Thread-3  ] [I] [toil.statsAndLogging] Got message from job at time 12-21-2020 14:12:33: Ran phlat on TEST:tumor_rna successfully
[2020-12-21T14:12:34-0800] [MainThread] [I] [toil.leader] Job ended: 'run_phlat' kind-run_phlat/instance-_m8i3pqw
[2020-12-21T14:12:34-0800] [MainThread] [I] [toil.leader] Issued job 'Job' kind-Job/instance-y7kpeu18 with job batch system ID: 50 and cores: 0, disk: 100.0 M, and memory: 512.0 M
[2020-12-21T14:12:35-0800] [MainThread] [I] [toil.worker] Redirecting logging to /scratch/drkthomp/workDir/node-c6dd6166-0e17-47a0-b05b-0af0433282a6-e8611b53-bdab-4598-acae-87977f99831e/tmpw4ydsl9b/worker_log.txt
[2020-12-21T14:17:42-0800] [Thread-3  ] [I] [toil.statsAndLogging] Got message from job at time 12-21-2020 14:17:42: Ran phlat on TEST:normal_dna successfully
[2020-12-21T14:17:46-0800] [MainThread] [I] [toil.leader] Job ended: 'run_phlat' kind-run_phlat/instance-3d8r1hgw
[2020-12-21T14:17:46-0800] [MainThread] [I] [toil.leader] Issued job 'Job' kind-Job/instance-c4r5b8hs with job batch system ID: 51 and cores: 0, disk: 100.0 M, and memory: 512.0 M
[2020-12-21T14:17:46-0800] [MainThread] [I] [toil.worker] Redirecting logging to /scratch/drkthomp/workDir/node-c6dd6166-0e17-47a0-b05b-0af0433282a6-e8611b53-bdab-4598-acae-87977f99831e/tmphbg3rdtu/worker_log.txt
[2020-12-21T14:17:46-0800] [MainThread] [I] [toil.worker] Redirecting logging to /scratch/drkthomp/workDir/node-c6dd6166-0e17-47a0-b05b-0af0433282a6-e8611b53-bdab-4598-acae-87977f99831e/tmpsi0f2hmk/worker_log.txt
[2020-12-21T14:17:47-0800] [MainThread] [I] [toil.leader] Job ended: 'Job' kind-Job/instance-y7kpeu18
[2020-12-21T14:17:47-0800] [MainThread] [I] [toil.leader] Job ended: 'Job' kind-Job/instance-c4r5b8hs
[2020-12-21T14:17:47-0800] [MainThread] [I] [toil.leader] Issued job 'merge_phlat_calls' kind-merge_phlat_calls/instance-tk0srp9y with job batch system ID: 52 and cores: 1, disk: 100.0 M, and memory: 100.0 M
[2020-12-21T14:17:48-0800] [MainThread] [I] [toil.worker] Redirecting logging to /scratch/drkthomp/workDir/node-c6dd6166-0e17-47a0-b05b-0af0433282a6-e8611b53-bdab-4598-acae-87977f99831e/tmptilcsum6/worker_log.txt
[2020-12-21T14:17:48-0800] [Thread-3  ] [I] [toil.statsAndLogging] Got message from job at time 12-21-2020 14:17:48: Merging Phlat calls
[2020-12-21T14:17:48-0800] [Thread-3  ] [I] [toil.statsAndLogging] Got message from job at time 12-21-2020 14:17:48: Exporting files/for-job/kind-merge_phlat_calls/instance-tk0srp9y/file-imw64spp/mhci_alleles.list to output location
[2020-12-21T14:17:48-0800] [Thread-3  ] [I] [toil.statsAndLogging] Got message from job at time 12-21-2020 14:17:48: Exporting files/for-job/kind-merge_phlat_calls/instance-tk0srp9y/file-xx4ikcgx/mhcii_alleles.list to output location
[2020-12-21T14:17:48-0800] [MainThread] [I] [toil.leader] Job ended: 'merge_phlat_calls' kind-merge_phlat_calls/instance-tk0srp9y
[2020-12-21T14:23:20-0800] [Thread-3  ] [I] [toil.statsAndLogging] Got message from job at time 12-21-2020 14:23:20: Exporting files/for-job/kind-run_star/instance-_mns3xz6/file-zst293c1/rnaAligned.toTranscriptome.out.bam to output location
[2020-12-21T14:23:20-0800] [Thread-3  ] [I] [toil.statsAndLogging] Got message from job at time 12-21-2020 14:23:20: Exporting files/for-job/kind-run_star/instance-_mns3xz6/file-9zx7b07c/rnaChimeric.out.junction to output location
[2020-12-21T14:23:20-0800] [Thread-3  ] [I] [toil.statsAndLogging] Got message from job at time 12-21-2020 14:23:20: Ran STAR on TEST successfully
[2020-12-21T14:23:20-0800] [Thread-3  ] [W] [toil.statsAndLogging] Got message from job at time 12-21-2020 14:23:20: Job used more disk than requested. Consider modifying the user script to avoid the chance of failure due to incorrectly requested resources. Job files/for-job/kind-EncapsulatedJob/instance-v03_6ru4/cleanup/file-zvtvhfri/stream used 112.45% (60.3 GB [64780693504B] used, 53.7 GB [57610702127B] requested) at the end of its run.
[2020-12-21T14:23:29-0800] [MainThread] [I] [toil.leader] Job ended: 'run_star' kind-run_star/instance-_mns3xz6
[2020-12-21T14:23:29-0800] [MainThread] [I] [toil.leader] Issued job 'Job' kind-Job/instance-6ylnxfgm with job batch system ID: 53 and cores: 0, disk: 100.0 M, and memory: 512.0 M
[2020-12-21T14:23:30-0800] [MainThread] [I] [toil.worker] Redirecting logging to /scratch/drkthomp/workDir/node-c6dd6166-0e17-47a0-b05b-0af0433282a6-e8611b53-bdab-4598-acae-87977f99831e/tmpgpm0i7fb/worker_log.txt
[2020-12-21T14:23:30-0800] [MainThread] [I] [toil.leader] Job ended: 'Job' kind-Job/instance-6ylnxfgm
[2020-12-21T14:23:30-0800] [MainThread] [I] [toil.leader] Issued job 'EncapsulatedJob' kind-EncapsulatedJob/instance-1snc4c2s with job batch system ID: 54 and cores: 1, disk: 2.0 G, and memory: 2.0 G
[2020-12-21T14:23:30-0800] [MainThread] [I] [toil.worker] Redirecting logging to /scratch/drkthomp/workDir/node-c6dd6166-0e17-47a0-b05b-0af0433282a6-e8611b53-bdab-4598-acae-87977f99831e/tmpfafv249z/worker_log.txt
[2020-12-21T14:24:02-0800] [MainThread] [I] [toil.leader] Job ended: 'EncapsulatedJob' kind-EncapsulatedJob/instance-1snc4c2s
[2020-12-21T14:24:02-0800] [MainThread] [I] [toil.leader] Issued job 'Job' kind-Job/instance-6ylnxfgm with job batch system ID: 55 and cores: 0, disk: 100.0 M, and memory: 512.0 M
[2020-12-21T14:24:02-0800] [Thread-3  ] [I] [toil.statsAndLogging] Got message from job at time 12-21-2020 14:24:02: Ran samtools-sort on TEST:rna successfully
[2020-12-21T14:24:02-0800] [Thread-3  ] [I] [toil.statsAndLogging] Got message from job at time 12-21-2020 14:24:02: Exporting files/for-job/kind-EncapsulatedJob/instance-1snc4c2s/file-d6cl45hm/rna_sorted.bam to output location
[2020-12-21T14:24:02-0800] [Thread-3  ] [I] [toil.statsAndLogging] Got message from job at time 12-21-2020 14:24:02: Exporting files/for-job/kind-EncapsulatedJob/instance-1snc4c2s/file-4ur6hyxd/rna_genome_sorted.bam.bai to output location
[2020-12-21T14:24:02-0800] [Thread-3  ] [I] [toil.statsAndLogging] Got message from job at time 12-21-2020 14:24:02: Ran samtools-index on TEST:rna successfully
[2020-12-21T14:24:03-0800] [MainThread] [I] [toil.worker] Redirecting logging to /scratch/drkthomp/workDir/node-c6dd6166-0e17-47a0-b05b-0af0433282a6-e8611b53-bdab-4598-acae-87977f99831e/tmpg3bd3fl9/worker_log.txt
[2020-12-21T14:24:03-0800] [MainThread] [I] [toil.leader] Job ended: 'Job' kind-Job/instance-6ylnxfgm
[2020-12-21T14:24:03-0800] [MainThread] [I] [toil.leader] Issued job 'Job' kind-Job/instance-fml494e0 with job batch system ID: 56 and cores: 0, disk: 100.0 M, and memory: 512.0 M
[2020-12-21T14:24:03-0800] [MainThread] [I] [toil.worker] Redirecting logging to /scratch/drkthomp/workDir/node-c6dd6166-0e17-47a0-b05b-0af0433282a6-e8611b53-bdab-4598-acae-87977f99831e/tmpsr6kuieq/worker_log.txt
[2020-12-21T14:24:03-0800] [MainThread] [I] [toil.leader] Job ended: 'Job' kind-Job/instance-fml494e0
[2020-12-21T14:24:03-0800] [MainThread] [I] [toil.leader] Issued job 'EncapsulatedJob' kind-EncapsulatedJob/instance-8n6ee0af with job batch system ID: 57 and cores: 1, disk: 100.0 M, and memory: 100.0 M
[2020-12-21T14:24:03-0800] [MainThread] [I] [toil.leader] Issued job 'EncapsulatedJob' kind-EncapsulatedJob/instance-9xmstutw with job batch system ID: 58 and cores: 1, disk: 100.0 M, and memory: 2.0 G
[2020-12-21T14:24:04-0800] [MainThread] [I] [toil.worker] Redirecting logging to /scratch/drkthomp/workDir/node-c6dd6166-0e17-47a0-b05b-0af0433282a6-e8611b53-bdab-4598-acae-87977f99831e/tmpxjzenf15/worker_log.txt
[2020-12-21T14:24:04-0800] [MainThread] [I] [toil.worker] Redirecting logging to /scratch/drkthomp/workDir/node-c6dd6166-0e17-47a0-b05b-0af0433282a6-e8611b53-bdab-4598-acae-87977f99831e/tmppb8kqezd/worker_log.txt
[2020-12-21T14:24:04-0800] [MainThread] [I] [toil.leader] Job ended: 'EncapsulatedJob' kind-EncapsulatedJob/instance-9xmstutw
[2020-12-21T14:24:04-0800] [MainThread] [I] [toil.leader] Issued job 'run_rsem' kind-run_rsem/instance-r4llgtno with job batch system ID: 59 and cores: 80, disk: 5.0 G, and memory: 2.0 G
[2020-12-21T14:24:05-0800] [MainThread] [I] [toil.leader] Job ended: 'EncapsulatedJob' kind-EncapsulatedJob/instance-8n6ee0af
[2020-12-21T14:24:05-0800] [MainThread] [I] [toil.leader] Issued job 'run_fusion' kind-run_fusion/instance-liavcqiz with job batch system ID: 60 and cores: 80, disk: 53.4 G, and memory: 48.6 G
[2020-12-21T14:24:05-0800] [MainThread] [I] [toil.worker] Redirecting logging to /scratch/drkthomp/workDir/node-c6dd6166-0e17-47a0-b05b-0af0433282a6-e8611b53-bdab-4598-acae-87977f99831e/tmpz1vl_qzj/worker_log.txt
[2020-12-21T14:24:05-0800] [MainThread] [I] [toil.worker] Redirecting logging to /scratch/drkthomp/workDir/node-c6dd6166-0e17-47a0-b05b-0af0433282a6-e8611b53-bdab-4598-acae-87977f99831e/tmp9cetvv69/worker_log.txt
[2020-12-21T14:28:16-0800] [Thread-3  ] [I] [toil.statsAndLogging] Got message from job at time 12-21-2020 14:28:16: Exporting files/for-job/kind-run_rsem/instance-r4llgtno/file-u4m8g0tk/rsem.genes.results to output location
[2020-12-21T14:28:16-0800] [Thread-3  ] [I] [toil.statsAndLogging] Got message from job at time 12-21-2020 14:28:16: Exporting files/for-job/kind-run_rsem/instance-r4llgtno/file-8xbtrkwg/rsem.isoforms.results to output location
[2020-12-21T14:28:16-0800] [Thread-3  ] [I] [toil.statsAndLogging] Got message from job at time 12-21-2020 14:28:16: Ran rsem on TEST successfully
[2020-12-21T14:28:17-0800] [MainThread] [I] [toil.leader] Job ended: 'run_rsem' kind-run_rsem/instance-r4llgtno
[2020-12-21T14:28:17-0800] [MainThread] [I] [toil.leader] Issued job 'Job' kind-Job/instance-tozd7kso with job batch system ID: 61 and cores: 0, disk: 100.0 M, and memory: 512.0 M
[2020-12-21T14:28:18-0800] [MainThread] [I] [toil.worker] Redirecting logging to /scratch/drkthomp/workDir/node-c6dd6166-0e17-47a0-b05b-0af0433282a6-e8611b53-bdab-4598-acae-87977f99831e/tmph4aqbr6v/worker_log.txt
[2020-12-21T14:28:34-0800] [MainThread] [I] [toil.leader] Job ended: 'Job' kind-Job/instance-tozd7kso
[2020-12-21T14:28:34-0800] [MainThread] [I] [toil.leader] Issued job 'Job' kind-Job/instance-cp1s89q7 with job batch system ID: 62 and cores: 0, disk: 100.0 M, and memory: 512.0 M
[2020-12-21T14:28:35-0800] [MainThread] [I] [toil.worker] Redirecting logging to /scratch/drkthomp/workDir/node-c6dd6166-0e17-47a0-b05b-0af0433282a6-e8611b53-bdab-4598-acae-87977f99831e/tmp2hwboyg3/worker_log.txt
[2020-12-21T14:28:35-0800] [MainThread] [I] [toil.leader] Job ended: 'Job' kind-Job/instance-cp1s89q7
[2020-12-21T14:28:35-0800] [MainThread] [I] [toil.leader] Issued job 'run_mhc_gene_assessment' kind-run_mhc_gene_assessment/instance-_3of0k3d with job batch system ID: 63 and cores: 1, disk: 100.0 M, and memory: 100.0 M
[2020-12-21T14:28:35-0800] [MainThread] [I] [toil.leader] Issued job 'run_itx_resistance_assessment' kind-run_itx_resistance_assessment/instance-n6ucq03w with job batch system ID: 64 and cores: 1, disk: 100.0 M, and memory: 100.0 M
[2020-12-21T14:28:35-0800] [MainThread] [I] [toil.leader] Issued job 'run_car_t_validity_assessment' kind-run_car_t_validity_assessment/instance-a9so0vxj with job batch system ID: 65 and cores: 1, disk: 100.0 M, and memory: 100.0 M
[2020-12-21T14:28:36-0800] [MainThread] [I] [toil.worker] Redirecting logging to /scratch/drkthomp/workDir/node-c6dd6166-0e17-47a0-b05b-0af0433282a6-e8611b53-bdab-4598-acae-87977f99831e/tmpzptoccv7/worker_log.txt
[2020-12-21T14:28:36-0800] [MainThread] [I] [toil.worker] Redirecting logging to /scratch/drkthomp/workDir/node-c6dd6166-0e17-47a0-b05b-0af0433282a6-e8611b53-bdab-4598-acae-87977f99831e/tmp7wl996bi/worker_log.txt
[2020-12-21T14:28:36-0800] [MainThread] [I] [toil.worker] Redirecting logging to /scratch/drkthomp/workDir/node-c6dd6166-0e17-47a0-b05b-0af0433282a6-e8611b53-bdab-4598-acae-87977f99831e/tmpijv6vy5j/worker_log.txt
[2020-12-21T14:28:36-0800] [MainThread] [I] [toil.leader] Job ended: 'run_mhc_gene_assessment' kind-run_mhc_gene_assessment/instance-_3of0k3d
[2020-12-21T14:28:36-0800] [MainThread] [I] [toil.leader] Issued job 'assess_mhc_genes' kind-assess_mhc_genes/instance-5i_ilc54 with job batch system ID: 66 and cores: 1, disk: 2.0 G, and memory: 2.0 G
[2020-12-21T14:28:37-0800] [MainThread] [I] [toil.leader] Job ended: 'run_car_t_validity_assessment' kind-run_car_t_validity_assessment/instance-a9so0vxj
[2020-12-21T14:28:37-0800] [MainThread] [I] [toil.leader] Issued job 'assess_car_t_validity' kind-assess_car_t_validity/instance-vk91o36f with job batch system ID: 67 and cores: 1, disk: 2.0 G, and memory: 2.0 G
[2020-12-21T14:28:37-0800] [MainThread] [I] [toil.leader] Job ended: 'run_itx_resistance_assessment' kind-run_itx_resistance_assessment/instance-n6ucq03w
[2020-12-21T14:28:37-0800] [MainThread] [I] [toil.leader] Issued job 'assess_itx_resistance' kind-assess_itx_resistance/instance-by2qk7_a with job batch system ID: 68 and cores: 1, disk: 2.0 G, and memory: 2.0 G
[2020-12-21T14:28:37-0800] [MainThread] [I] [toil.worker] Redirecting logging to /scratch/drkthomp/workDir/node-c6dd6166-0e17-47a0-b05b-0af0433282a6-e8611b53-bdab-4598-acae-87977f99831e/tmpi047yxa4/worker_log.txt
[2020-12-21T14:28:37-0800] [MainThread] [I] [toil.worker] Redirecting logging to /scratch/drkthomp/workDir/node-c6dd6166-0e17-47a0-b05b-0af0433282a6-e8611b53-bdab-4598-acae-87977f99831e/tmpnesxty8c/worker_log.txt
[2020-12-21T14:28:37-0800] [MainThread] [I] [toil.worker] Redirecting logging to /scratch/drkthomp/workDir/node-c6dd6166-0e17-47a0-b05b-0af0433282a6-e8611b53-bdab-4598-acae-87977f99831e/tmpqb1agf14/worker_log.txt
[2020-12-21T14:28:38-0800] [MainThread] [I] [toil.leader] Job ended: 'assess_itx_resistance' kind-assess_itx_resistance/instance-by2qk7_a
[2020-12-21T14:28:38-0800] [MainThread] [I] [toil.leader] Issued job 'run_itx_resistance_assessment' kind-run_itx_resistance_assessment/instance-n6ucq03w with job batch system ID: 69 and cores: 1, disk: 100.0 M, and memory: 100.0 M
[2020-12-21T14:28:38-0800] [MainThread] [I] [toil.leader] Job ended: 'assess_car_t_validity' kind-assess_car_t_validity/instance-vk91o36f
[2020-12-21T14:28:38-0800] [MainThread] [I] [toil.leader] Issued job 'run_car_t_validity_assessment' kind-run_car_t_validity_assessment/instance-a9so0vxj with job batch system ID: 70 and cores: 1, disk: 100.0 M, and memory: 100.0 M
[2020-12-21T14:28:38-0800] [MainThread] [I] [toil.leader] Job ended: 'assess_mhc_genes' kind-assess_mhc_genes/instance-5i_ilc54
[2020-12-21T14:28:38-0800] [MainThread] [I] [toil.leader] Issued job 'run_mhc_gene_assessment' kind-run_mhc_gene_assessment/instance-_3of0k3d with job batch system ID: 71 and cores: 1, disk: 100.0 M, and memory: 100.0 M
[2020-12-21T14:28:39-0800] [Thread-3  ] [I] [toil.statsAndLogging] Got message from job at time 12-21-2020 14:28:39: Exporting files/for-job/kind-assess_car_t_validity/instance-vk91o36f/file-sd99vsv9/car_t_target_report.txt to output location
[2020-12-21T14:28:39-0800] [Thread-3  ] [I] [toil.statsAndLogging] Got message from job at time 12-21-2020 14:28:39: Ran car t validity assessment on TEST successfully
[2020-12-21T14:28:39-0800] [Thread-3  ] [I] [toil.statsAndLogging] Got message from job at time 12-21-2020 14:28:39: Exporting files/for-job/kind-assess_itx_resistance/instance-by2qk7_a/file-p8t55pf2/immunotherapy_resistance_report.txt to output location
[2020-12-21T14:28:39-0800] [Thread-3  ] [I] [toil.statsAndLogging] Got message from job at time 12-21-2020 14:28:39: Ran create immunotherapy resistance report on TEST successfully
[2020-12-21T14:28:39-0800] [Thread-3  ] [I] [toil.statsAndLogging] Got message from job at time 12-21-2020 14:28:39: Exporting files/for-job/kind-assess_mhc_genes/instance-5i_ilc54/file-hyhunv_u/mhc_pathway_report.txt to output location
[2020-12-21T14:28:39-0800] [Thread-3  ] [I] [toil.statsAndLogging] Got message from job at time 12-21-2020 14:28:39: Ran mhc gene assessment on TEST successfully
[2020-12-21T14:28:39-0800] [MainThread] [I] [toil.worker] Redirecting logging to /scratch/drkthomp/workDir/node-c6dd6166-0e17-47a0-b05b-0af0433282a6-e8611b53-bdab-4598-acae-87977f99831e/tmppfs41fqp/worker_log.txt
[2020-12-21T14:28:39-0800] [MainThread] [I] [toil.leader] Job ended: 'run_itx_resistance_assessment' kind-run_itx_resistance_assessment/instance-n6ucq03w
[2020-12-21T14:28:39-0800] [MainThread] [I] [toil.worker] Redirecting logging to /scratch/drkthomp/workDir/node-c6dd6166-0e17-47a0-b05b-0af0433282a6-e8611b53-bdab-4598-acae-87977f99831e/tmp6jmkfb7q/worker_log.txt
[2020-12-21T14:28:39-0800] [MainThread] [I] [toil.worker] Redirecting logging to /scratch/drkthomp/workDir/node-c6dd6166-0e17-47a0-b05b-0af0433282a6-e8611b53-bdab-4598-acae-87977f99831e/tmpdrfpw2f3/worker_log.txt
[2020-12-21T14:28:39-0800] [MainThread] [I] [toil.leader] Job ended: 'run_mhc_gene_assessment' kind-run_mhc_gene_assessment/instance-_3of0k3d
[2020-12-21T14:28:39-0800] [MainThread] [I] [toil.leader] Job ended: 'run_car_t_validity_assessment' kind-run_car_t_validity_assessment/instance-a9so0vxj
[2020-12-21T14:50:45-0800] [Thread-3  ] [I] [toil.statsAndLogging] Got message from job at time 12-21-2020 14:50:45: Exporting files/for-job/kind-run_fusion/instance-liavcqiz/file-2cbo2ayt/star-fusion.fusion_candidates.final.abridged to output location
[2020-12-21T14:50:45-0800] [Thread-3  ] [I] [toil.statsAndLogging] Got message from job at time 12-21-2020 14:50:45: Exporting files/for-job/kind-run_fusion/instance-liavcqiz/file-peaj2bj8/FusionInspector.fusion_predictions.final.abridged.FFPM to output location
[2020-12-21T14:50:45-0800] [Thread-3  ] [I] [toil.statsAndLogging] Got message from job at time 12-21-2020 14:50:45: Exporting files/for-job/kind-run_fusion/instance-liavcqiz/file-0e3xhqxt/FusionInspector.gmap_trinity_GG.fusions.fasta to output location
[2020-12-21T14:50:45-0800] [Thread-3  ] [I] [toil.statsAndLogging] Got message from job at time 12-21-2020 14:50:45: Exporting files/for-job/kind-run_fusion/instance-liavcqiz/file-nw4ft40d/FusionInspector.gmap_trinity_GG.fusions.gff3 to output location
[2020-12-21T14:50:45-0800] [Thread-3  ] [I] [toil.statsAndLogging] Got message from job at time 12-21-2020 14:50:45: Exporting files/for-job/kind-run_fusion/instance-liavcqiz/file-wbs29dwv/fusion.final to output location
[2020-12-21T14:50:45-0800] [Thread-3  ] [I] [toil.statsAndLogging] Got message from job at time 12-21-2020 14:50:45: Ran STAR-Fusion on TEST successfully
[2020-12-21T14:50:45-0800] [Thread-3  ] [W] [toil.statsAndLogging] Got message from job at time 12-21-2020 14:50:45: Job used more disk than requested. Consider modifying the user script to avoid the chance of failure due to incorrectly requested resources. Job files/for-job/kind-EncapsulatedJob/instance-8n6ee0af/cleanup/file-o5klr6ub/stream used 111.61% (59.6 GB [64029351936B] used, 53.4 GB [57369019908B] requested) at the end of its run.
[2020-12-21T14:50:45-0800] [Thread-3  ] [I] [toil.statsAndLogging] Got message from job at time 12-21-2020 14:50:45: Exporting files/for-job/kind-run_fusion/instance-liavcqiz/file-kiiubhho/fusion_results.bedpe to output location
[2020-12-21T14:50:45-0800] [Thread-3  ] [I] [toil.statsAndLogging] Got message from job at time 12-21-2020 14:50:45: Reformatted STAR-Fusion output for TEST successfully
[2020-12-21T14:50:54-0800] [MainThread] [I] [toil.leader] Job ended: 'run_fusion' kind-run_fusion/instance-liavcqiz
[2020-12-21T14:50:54-0800] [MainThread] [I] [toil.leader] Issued job 'Job' kind-Job/instance-mx2fb3s1 with job batch system ID: 72 and cores: 0, disk: 100.0 M, and memory: 512.0 M
[2020-12-21T14:50:54-0800] [MainThread] [I] [toil.worker] Redirecting logging to /scratch/drkthomp/workDir/node-c6dd6166-0e17-47a0-b05b-0af0433282a6-e8611b53-bdab-4598-acae-87977f99831e/tmphx03l51q/worker_log.txt
[2020-12-21T14:50:55-0800] [MainThread] [I] [toil.leader] Job ended: 'Job' kind-Job/instance-mx2fb3s1
[2020-12-21T14:50:55-0800] [MainThread] [I] [toil.leader] Issued job 'Job' kind-Job/instance-6cj2_myb with job batch system ID: 73 and cores: 0, disk: 100.0 M, and memory: 512.0 M
[2020-12-21T14:50:55-0800] [MainThread] [I] [toil.worker] Redirecting logging to /scratch/drkthomp/workDir/node-c6dd6166-0e17-47a0-b05b-0af0433282a6-e8611b53-bdab-4598-acae-87977f99831e/tmp4g97pr0w/worker_log.txt
[2020-12-21T14:50:55-0800] [MainThread] [I] [toil.leader] Job ended: 'Job' kind-Job/instance-6cj2_myb
[2020-12-21T14:50:55-0800] [MainThread] [I] [toil.leader] Issued job 'Job' kind-Job/instance-ek_bmbvh with job batch system ID: 74 and cores: 0, disk: 100.0 M, and memory: 512.0 M
[2020-12-21T14:50:56-0800] [MainThread] [I] [toil.worker] Redirecting logging to /scratch/drkthomp/workDir/node-c6dd6166-0e17-47a0-b05b-0af0433282a6-e8611b53-bdab-4598-acae-87977f99831e/tmpljzdil_b/worker_log.txt
[2020-12-21T14:50:56-0800] [MainThread] [I] [toil.leader] Job ended: 'Job' kind-Job/instance-ek_bmbvh
[2020-12-21T14:50:56-0800] [MainThread] [I] [toil.leader] Issued job 'delete_fastqs' kind-delete_fastqs/instance-nwfsmf1q with job batch system ID: 75 and cores: 1, disk: 100.0 M, and memory: 100.0 M
[2020-12-21T14:50:56-0800] [MainThread] [I] [toil.leader] Issued job 'delete_fastqs' kind-delete_fastqs/instance-3hl_uybe with job batch system ID: 76 and cores: 1, disk: 100.0 M, and memory: 100.0 M
[2020-12-21T14:50:56-0800] [MainThread] [I] [toil.leader] Issued job 'EncapsulatedJob' kind-EncapsulatedJob/instance-ac03s5o9 with job batch system ID: 77 and cores: 0, disk: 1.0 M, and memory: 32.0 M
[2020-12-21T14:50:57-0800] [MainThread] [I] [toil.worker] Redirecting logging to /scratch/drkthomp/workDir/node-c6dd6166-0e17-47a0-b05b-0af0433282a6-e8611b53-bdab-4598-acae-87977f99831e/tmpm5v1p9xk/worker_log.txt
[2020-12-21T14:50:57-0800] [MainThread] [I] [toil.worker] Redirecting logging to /scratch/drkthomp/workDir/node-c6dd6166-0e17-47a0-b05b-0af0433282a6-e8611b53-bdab-4598-acae-87977f99831e/tmpxf_ggp2h/worker_log.txt
[2020-12-21T14:50:57-0800] [MainThread] [I] [toil.worker] Redirecting logging to /scratch/drkthomp/workDir/node-c6dd6166-0e17-47a0-b05b-0af0433282a6-e8611b53-bdab-4598-acae-87977f99831e/tmpsfu8c8l0/worker_log.txt
[2020-12-21T14:50:57-0800] [MainThread] [I] [toil.leader] Job ended: 'EncapsulatedJob' kind-EncapsulatedJob/instance-ac03s5o9
[2020-12-21T14:50:57-0800] [MainThread] [I] [toil.leader] Issued job 'run_transgene' kind-run_transgene/instance-rmwo1gu2 with job batch system ID: 78 and cores: 1, disk: 310.2 M, and memory: 100.0 M
[2020-12-21T14:50:57-0800] [MainThread] [I] [toil.leader] Job ended: 'delete_fastqs' kind-delete_fastqs/instance-3hl_uybe
[2020-12-21T14:50:57-0800] [MainThread] [I] [toil.leader] Job ended: 'delete_fastqs' kind-delete_fastqs/instance-nwfsmf1q
[2020-12-21T14:50:57-0800] [Thread-3  ] [I] [toil.statsAndLogging] Got message from job at time 12-21-2020 14:50:57: Deleting "TEST:tumor_rna_fastq_1" from the filestore.
[2020-12-21T14:50:57-0800] [Thread-3  ] [I] [toil.statsAndLogging] Got message from job at time 12-21-2020 14:50:57: Deleting "TEST:tumor_dna_fastq_2" from the filestore.
[2020-12-21T14:50:57-0800] [Thread-3  ] [I] [toil.statsAndLogging] Got message from job at time 12-21-2020 14:50:57: Deleting "TEST:tumor_rna_fastq_2" from the filestore.
[2020-12-21T14:50:57-0800] [Thread-3  ] [I] [toil.statsAndLogging] Got message from job at time 12-21-2020 14:50:57: Deleting "TEST:normal_dna_fastq_1" from the filestore.
[2020-12-21T14:50:57-0800] [Thread-3  ] [I] [toil.statsAndLogging] Got message from job at time 12-21-2020 14:50:57: Deleting "TEST:tumor_dna_fastq_1" from the filestore.
[2020-12-21T14:50:57-0800] [Thread-3  ] [I] [toil.statsAndLogging] Got message from job at time 12-21-2020 14:50:57: Deleting "TEST:normal_dna_fastq_2" from the filestore.
[2020-12-21T14:50:58-0800] [MainThread] [I] [toil.worker] Redirecting logging to /scratch/drkthomp/workDir/node-c6dd6166-0e17-47a0-b05b-0af0433282a6-e8611b53-bdab-4598-acae-87977f99831e/tmpzih50ue5/worker_log.txt
[2020-12-21T14:52:03-0800] [Thread-1  ] [E] [toil.batchSystems.singleMachine] Got exit code 1 (indicating failure) from job _toil_worker run_transgene file:/scratch/drkthomp/jobStore kind-run_transgene/instance-rmwo1gu2.
[2020-12-21T14:52:03-0800] [MainThread] [W] [toil.leader] Job failed with exit value 1: 'run_transgene' kind-run_transgene/instance-rmwo1gu2
[2020-12-21T14:52:03-0800] [MainThread] [W] [toil.leader] The job seems to have left a log file, indicating failure: 'run_transgene' kind-run_transgene/instance-rmwo1gu2
[2020-12-21T14:52:03-0800] [MainThread] [W] [toil.leader] Log from job kind-run_transgene/instance-rmwo1gu2 follows:
=========>
	[2020-12-21T14:50:58-0800] [MainThread] [I] [toil.worker] ---TOIL WORKER OUTPUT LOG---
	[2020-12-21T14:50:58-0800] [MainThread] [I] [toil] Running Toil version 4.2.0-3aa1da130141039cb357efe36d7df9b9f6ae9b5b on host mustard.
	INFO: Reading GENCODE proteome fasta file
	INFO: Reading in Mutations from /data/snpeffed_muts.vcf
	Traceback (most recent call last):
	  File "/usr/local/bin/transgene", line 9, in <module>
	    load_entry_point('transgene==2.5.0', 'console_scripts', 'transgene')()
	  File "/usr/local/lib/python2.7/dist-packages/transgene/core.py", line 1548, in run_transgene
	    return main(params)
	  File "/usr/local/lib/python2.7/dist-packages/transgene/core.py", line 1315, in main
	    params.annotation_file))
	  File "/usr/local/lib/python2.7/dist-packages/transgene/core.py", line 202, in read_annotated_vcf
	    raise RuntimeError('Could not determine annotator type from the VCF header. Please check '
	RuntimeError: Could not determine annotator type from the VCF header. Please check the integrity of the header and retry.
	[2020-12-21T14:52:01-0800] [MainThread] [W] [toil.fileStores.abstractFileStore] LOG-TO-MASTER: Job used more disk than requested. Consider modifying the user script to avoid the chance of failure due to incorrectly requested resources. Job files/for-job/kind-EncapsulatedJob/instance-ac03s5o9/cleanup/file-ccjo0vmm/stream used 1817.92% (5.5 GB [5914066944B] used, 310.2 MB [325319673B] requested) at the end of its run.
	Traceback (most recent call last):
	  File "/private/home/drkthomp/protect/src/protect/common.py", line 137, in docker_call
	    subprocess.check_call(call, stdout=outfile)
	  File "/usr/lib64/python3.6/subprocess.py", line 291, in check_call
	    raise CalledProcessError(retcode, cmd)
	subprocess.CalledProcessError: Command '['docker', 'run', '--rm=true', '-v', '/data/scratch/drkthomp/workDir/node-c6dd6166-0e17-47a0-b05b-0af0433282a6-e8611b53-bdab-4598-acae-87977f99831e/tmpzih50ue5/d8605996-95ce-475a-bb4f-4cf162a0b8cc:/data', '--log-driver=none', 'aarjunrao/transgene:2.5.0', '--peptides', '/data/gencode.v25.pc_translations_NOPARY.fa', '--prefix', 'transgened', '--pep_lens', '9,10,15', '--cores', '20', '--genome', '/data/hg38.fa', '--annotation', '/data/gencode.v25.annotation_NOPARY.gtf', '--snpeff', '/data/snpeffed_muts.vcf', '--rna_file', '/data/rna.bam', '--transcripts', '/data/gencode.v25.pc_transcripts_NOPARY.fa', '--fusions', '/data/fusion_calls']' returned non-zero exit status 1.
	
	During handling of the above exception, another exception occurred:
	
	Traceback (most recent call last):
	  File "/private/home/drkthomp/protect/venv/lib/python3.6/site-packages/toil/worker.py", line 368, in workerScript
	    job._runner(jobGraph=jobGraph, jobStore=jobStore, fileStore=fileStore, defer=defer)
	  File "/private/home/drkthomp/protect/venv/lib/python3.6/site-packages/toil/job.py", line 1424, in _runner
	    returnValues = self._run(jobGraph, fileStore)
	  File "/private/home/drkthomp/protect/venv/lib/python3.6/site-packages/toil/job.py", line 1361, in _run
	    return self.run(fileStore)
	  File "/private/home/drkthomp/protect/venv/lib/python3.6/site-packages/toil/job.py", line 1565, in run
	    rValue = userFunction(*((self,) + tuple(self._args)), **self._kwargs)
	  File "/private/home/drkthomp/protect/src/protect/mutation_translation.py", line 118, in run_transgene
	    tool_version=transgene_options['version'])
	  File "/private/home/drkthomp/protect/src/protect/common.py", line 140, in docker_call
	    'for command \"%s\"' % ' '.join(call),)
	RuntimeError: docker command returned a non-zero exit status (1)for command "docker run --rm=true -v /data/scratch/drkthomp/workDir/node-c6dd6166-0e17-47a0-b05b-0af0433282a6-e8611b53-bdab-4598-acae-87977f99831e/tmpzih50ue5/d8605996-95ce-475a-bb4f-4cf162a0b8cc:/data --log-driver=none aarjunrao/transgene:2.5.0 --peptides /data/gencode.v25.pc_translations_NOPARY.fa --prefix transgened --pep_lens 9,10,15 --cores 20 --genome /data/hg38.fa --annotation /data/gencode.v25.annotation_NOPARY.gtf --snpeff /data/snpeffed_muts.vcf --rna_file /data/rna.bam --transcripts /data/gencode.v25.pc_transcripts_NOPARY.fa --fusions /data/fusion_calls"
	[2020-12-21T14:52:01-0800] [MainThread] [E] [toil.worker] Exiting the worker because of a failed job on host mustard
<=========
[2020-12-21T14:52:03-0800] [MainThread] [W] [toil.jobGraph] Due to failure we are reducing the remaining retry count of job 'run_transgene' kind-run_transgene/instance-rmwo1gu2 with ID kind-run_transgene/instance-rmwo1gu2 to 1
[2020-12-21T14:52:03-0800] [MainThread] [W] [toil.jobGraph] We have increased the default memory of the failed job 'run_transgene' kind-run_transgene/instance-rmwo1gu2 to 2147483648 bytes
[2020-12-21T14:52:03-0800] [MainThread] [W] [toil.jobGraph] We have increased the disk of the failed job 'run_transgene' kind-run_transgene/instance-rmwo1gu2 to the default of 2147483648 bytes
[2020-12-21T14:52:03-0800] [MainThread] [I] [toil.leader] Issued job 'run_transgene' kind-run_transgene/instance-rmwo1gu2 with job batch system ID: 79 and cores: 1, disk: 2.0 G, and memory: 2.0 G
[2020-12-21T14:52:03-0800] [MainThread] [I] [toil.worker] Redirecting logging to /scratch/drkthomp/workDir/node-c6dd6166-0e17-47a0-b05b-0af0433282a6-e8611b53-bdab-4598-acae-87977f99831e/tmpni7n6af_/worker_log.txt
[2020-12-21T14:52:47-0800] [MainThread] [I] [toil.leader] 1 jobs are running, 0 jobs are issued and waiting to run
[2020-12-21T14:53:08-0800] [Thread-1  ] [E] [toil.batchSystems.singleMachine] Got exit code 1 (indicating failure) from job _toil_worker run_transgene file:/scratch/drkthomp/jobStore kind-run_transgene/instance-rmwo1gu2.
[2020-12-21T14:53:08-0800] [MainThread] [W] [toil.leader] Job failed with exit value 1: 'run_transgene' kind-run_transgene/instance-rmwo1gu2
[2020-12-21T14:53:08-0800] [MainThread] [W] [toil.leader] The job seems to have left a log file, indicating failure: 'run_transgene' kind-run_transgene/instance-rmwo1gu2
[2020-12-21T14:53:08-0800] [MainThread] [W] [toil.leader] Log from job kind-run_transgene/instance-rmwo1gu2 follows:
=========>
	[2020-12-21T14:52:03-0800] [MainThread] [I] [toil.worker] ---TOIL WORKER OUTPUT LOG---
	[2020-12-21T14:52:03-0800] [MainThread] [I] [toil] Running Toil version 4.2.0-3aa1da130141039cb357efe36d7df9b9f6ae9b5b on host mustard.
	INFO: Reading GENCODE proteome fasta file
	INFO: Reading in Mutations from /data/snpeffed_muts.vcf
	Traceback (most recent call last):
	  File "/usr/local/bin/transgene", line 9, in <module>
	    load_entry_point('transgene==2.5.0', 'console_scripts', 'transgene')()
	  File "/usr/local/lib/python2.7/dist-packages/transgene/core.py", line 1548, in run_transgene
	    return main(params)
	  File "/usr/local/lib/python2.7/dist-packages/transgene/core.py", line 1315, in main
	    params.annotation_file))
	  File "/usr/local/lib/python2.7/dist-packages/transgene/core.py", line 202, in read_annotated_vcf
	    raise RuntimeError('Could not determine annotator type from the VCF header. Please check '
	RuntimeError: Could not determine annotator type from the VCF header. Please check the integrity of the header and retry.
	[2020-12-21T14:53:07-0800] [MainThread] [W] [toil.fileStores.abstractFileStore] LOG-TO-MASTER: Job used more disk than requested. Consider modifying the user script to avoid the chance of failure due to incorrectly requested resources. Job files/for-job/kind-EncapsulatedJob/instance-ac03s5o9/cleanup/file-ccjo0vmm/stream used 1817.92% (5.5 GB [5914066944B] used, 310.2 MB [325319673B] requested) at the end of its run.
	Traceback (most recent call last):
	  File "/private/home/drkthomp/protect/src/protect/common.py", line 137, in docker_call
	    subprocess.check_call(call, stdout=outfile)
	  File "/usr/lib64/python3.6/subprocess.py", line 291, in check_call
	    raise CalledProcessError(retcode, cmd)
	subprocess.CalledProcessError: Command '['docker', 'run', '--rm=true', '-v', '/data/scratch/drkthomp/workDir/node-c6dd6166-0e17-47a0-b05b-0af0433282a6-e8611b53-bdab-4598-acae-87977f99831e/tmpni7n6af_/5ab5bf1c-8484-483b-be2a-81a9c2f6be66:/data', '--log-driver=none', 'aarjunrao/transgene:2.5.0', '--peptides', '/data/gencode.v25.pc_translations_NOPARY.fa', '--prefix', 'transgened', '--pep_lens', '9,10,15', '--cores', '20', '--genome', '/data/hg38.fa', '--annotation', '/data/gencode.v25.annotation_NOPARY.gtf', '--snpeff', '/data/snpeffed_muts.vcf', '--rna_file', '/data/rna.bam', '--transcripts', '/data/gencode.v25.pc_transcripts_NOPARY.fa', '--fusions', '/data/fusion_calls']' returned non-zero exit status 1.
	
	During handling of the above exception, another exception occurred:
	
	Traceback (most recent call last):
	  File "/private/home/drkthomp/protect/venv/lib/python3.6/site-packages/toil/worker.py", line 368, in workerScript
	    job._runner(jobGraph=jobGraph, jobStore=jobStore, fileStore=fileStore, defer=defer)
	  File "/private/home/drkthomp/protect/venv/lib/python3.6/site-packages/toil/job.py", line 1424, in _runner
	    returnValues = self._run(jobGraph, fileStore)
	  File "/private/home/drkthomp/protect/venv/lib/python3.6/site-packages/toil/job.py", line 1361, in _run
	    return self.run(fileStore)
	  File "/private/home/drkthomp/protect/venv/lib/python3.6/site-packages/toil/job.py", line 1565, in run
	    rValue = userFunction(*((self,) + tuple(self._args)), **self._kwargs)
	  File "/private/home/drkthomp/protect/src/protect/mutation_translation.py", line 118, in run_transgene
	    tool_version=transgene_options['version'])
	  File "/private/home/drkthomp/protect/src/protect/common.py", line 140, in docker_call
	    'for command \"%s\"' % ' '.join(call),)
	RuntimeError: docker command returned a non-zero exit status (1)for command "docker run --rm=true -v /data/scratch/drkthomp/workDir/node-c6dd6166-0e17-47a0-b05b-0af0433282a6-e8611b53-bdab-4598-acae-87977f99831e/tmpni7n6af_/5ab5bf1c-8484-483b-be2a-81a9c2f6be66:/data --log-driver=none aarjunrao/transgene:2.5.0 --peptides /data/gencode.v25.pc_translations_NOPARY.fa --prefix transgened --pep_lens 9,10,15 --cores 20 --genome /data/hg38.fa --annotation /data/gencode.v25.annotation_NOPARY.gtf --snpeff /data/snpeffed_muts.vcf --rna_file /data/rna.bam --transcripts /data/gencode.v25.pc_transcripts_NOPARY.fa --fusions /data/fusion_calls"
	[2020-12-21T14:53:07-0800] [MainThread] [E] [toil.worker] Exiting the worker because of a failed job on host mustard
<=========
[2020-12-21T14:53:08-0800] [MainThread] [W] [toil.jobGraph] Due to failure we are reducing the remaining retry count of job 'run_transgene' kind-run_transgene/instance-rmwo1gu2 with ID kind-run_transgene/instance-rmwo1gu2 to 0
[2020-12-21T14:53:08-0800] [MainThread] [W] [toil.leader] Job 'run_transgene' kind-run_transgene/instance-rmwo1gu2 with ID kind-run_transgene/instance-rmwo1gu2 is completely failed
[2020-12-21T14:53:34-0800] [MainThread] [I] [toil.leader] Finished toil run with 25 failed jobs.
[2020-12-21T14:53:34-0800] [MainThread] [I] [toil.leader] Failed jobs at end of the run: 'Job' kind-Job/instance-d84dtur2 'run_phlat' kind-EncapsulatedJob/instance-fihf81cr 'get_all_tool_inputs' kind-parse_config_file/instance-qnp30l8f 'run_phlat' kind-EncapsulatedJob/instance-5avoh20i 'run_star' kind-EncapsulatedJob/instance-v03_6ru4 'run_fusion' kind-EncapsulatedJob/instance-8n6ee0af 'Job' kind-Job/instance-kfhm7px4 'get_patient_fastqs' kind-get_patient_fastqs/instance-u65j7la1 'run_snpeff' kind-get_patient_vcf/instance-zeb9zu6_ 'prepare_samples' kind-prepare_samples/instance-9t_j7xfw 'run_rsem' kind-EncapsulatedJob/instance-9xmstutw 'run_phlat' kind-EncapsulatedJob/instance-f8d3majs 'run_cutadapt' kind-EncapsulatedJob/instance-vojrelfc 'launch_protect' kind-launch_protect/instance-7dj2ax0m 'Job' kind-Job/instance-y7kpeu18 'Job' kind-Job/instance-cp1s89q7 'run_transgene' kind-EncapsulatedJob/instance-ac03s5o9 'Job' kind-Job/instance-fml494e0 'Job' kind-Job/instance-ek_bmbvh 'Job' kind-Job/instance-qiogdxrt 'merge_phlat_calls' kind-merge_phlat_calls/instance-tk0srp9y 'run_transgene' kind-run_transgene/instance-rmwo1gu2 'get_patient_fastqs' kind-get_patient_fastqs/instance-pezrlznb 'get_patient_fastqs' kind-get_patient_fastqs/instance-3g3_xeet 'Job' kind-Job/instance-c4r5b8hs
Traceback (most recent call last):
  File "/private/home/drkthomp/protect/venv/bin/ProTECT", line 11, in <module>
    load_entry_point('protect', 'console_scripts', 'ProTECT')()
  File "/private/home/drkthomp/protect/src/protect/pipeline/ProTECT.py", line 1028, in main
    Job.Runner.startToil(start, params)
  File "/private/home/drkthomp/protect/venv/lib/python3.6/site-packages/toil/job.py", line 796, in startToil
    return toil.start(job)
  File "/private/home/drkthomp/protect/venv/lib/python3.6/site-packages/toil/common.py", line 846, in start
    return self._runMainLoop(rootJobGraph)
  File "/private/home/drkthomp/protect/venv/lib/python3.6/site-packages/toil/common.py", line 1138, in _runMainLoop
    jobCache=self._jobCache).run()
  File "/private/home/drkthomp/protect/venv/lib/python3.6/site-packages/toil/leader.py", line 269, in run
    raise FailedJobsException(self.config.jobStore, self.toilState.totalFailedJobs, self.jobStore)
toil.leader.FailedJobsException: The job store 'file:/scratch/drkthomp/jobStore' contains 25 failed jobs: 'Job' kind-Job/instance-d84dtur2, 'run_phlat' kind-EncapsulatedJob/instance-fihf81cr, 'get_all_tool_inputs' kind-parse_config_file/instance-qnp30l8f, 'run_phlat' kind-EncapsulatedJob/instance-5avoh20i, 'run_star' kind-EncapsulatedJob/instance-v03_6ru4, 'run_fusion' kind-EncapsulatedJob/instance-8n6ee0af, 'Job' kind-Job/instance-kfhm7px4, 'get_patient_fastqs' kind-get_patient_fastqs/instance-u65j7la1, 'run_snpeff' kind-get_patient_vcf/instance-zeb9zu6_, 'prepare_samples' kind-prepare_samples/instance-9t_j7xfw, 'run_rsem' kind-EncapsulatedJob/instance-9xmstutw, 'run_phlat' kind-EncapsulatedJob/instance-f8d3majs, 'run_cutadapt' kind-EncapsulatedJob/instance-vojrelfc, 'launch_protect' kind-launch_protect/instance-7dj2ax0m, 'Job' kind-Job/instance-y7kpeu18, 'Job' kind-Job/instance-cp1s89q7, 'run_transgene' kind-EncapsulatedJob/instance-ac03s5o9, 'Job' kind-Job/instance-fml494e0, 'Job' kind-Job/instance-ek_bmbvh, 'Job' kind-Job/instance-qiogdxrt, 'merge_phlat_calls' kind-merge_phlat_calls/instance-tk0srp9y, 'run_transgene' kind-run_transgene/instance-rmwo1gu2, 'get_patient_fastqs' kind-get_patient_fastqs/instance-pezrlznb, 'get_patient_fastqs' kind-get_patient_fastqs/instance-3g3_xeet, 'Job' kind-Job/instance-c4r5b8hs
Log from job 'run_transgene' kind-run_transgene/instance-rmwo1gu2 follows:
=========>
	[2020-12-21T14:52:03-0800] [MainThread] [I] [toil.worker] ---TOIL WORKER OUTPUT LOG---
	[2020-12-21T14:52:03-0800] [MainThread] [I] [toil] Running Toil version 4.2.0-3aa1da130141039cb357efe36d7df9b9f6ae9b5b on host mustard.
	INFO: Reading GENCODE proteome fasta file
	INFO: Reading in Mutations from /data/snpeffed_muts.vcf
	Traceback (most recent call last):
	  File "/usr/local/bin/transgene", line 9, in <module>
	    load_entry_point('transgene==2.5.0', 'console_scripts', 'transgene')()
	  File "/usr/local/lib/python2.7/dist-packages/transgene/core.py", line 1548, in run_transgene
	    return main(params)
	  File "/usr/local/lib/python2.7/dist-packages/transgene/core.py", line 1315, in main
	    params.annotation_file))
	  File "/usr/local/lib/python2.7/dist-packages/transgene/core.py", line 202, in read_annotated_vcf
	    raise RuntimeError('Could not determine annotator type from the VCF header. Please check '
	RuntimeError: Could not determine annotator type from the VCF header. Please check the integrity of the header and retry.
	[2020-12-21T14:53:07-0800] [MainThread] [W] [toil.fileStores.abstractFileStore] LOG-TO-MASTER: Job used more disk than requested. Consider modifying the user script to avoid the chance of failure due to incorrectly requested resources. Job files/for-job/kind-EncapsulatedJob/instance-ac03s5o9/cleanup/file-ccjo0vmm/stream used 1817.92% (5.5 GB [5914066944B] used, 310.2 MB [325319673B] requested) at the end of its run.
	Traceback (most recent call last):
	  File "/private/home/drkthomp/protect/src/protect/common.py", line 137, in docker_call
	    subprocess.check_call(call, stdout=outfile)
	  File "/usr/lib64/python3.6/subprocess.py", line 291, in check_call
	    raise CalledProcessError(retcode, cmd)
	subprocess.CalledProcessError: Command '['docker', 'run', '--rm=true', '-v', '/data/scratch/drkthomp/workDir/node-c6dd6166-0e17-47a0-b05b-0af0433282a6-e8611b53-bdab-4598-acae-87977f99831e/tmpni7n6af_/5ab5bf1c-8484-483b-be2a-81a9c2f6be66:/data', '--log-driver=none', 'aarjunrao/transgene:2.5.0', '--peptides', '/data/gencode.v25.pc_translations_NOPARY.fa', '--prefix', 'transgened', '--pep_lens', '9,10,15', '--cores', '20', '--genome', '/data/hg38.fa', '--annotation', '/data/gencode.v25.annotation_NOPARY.gtf', '--snpeff', '/data/snpeffed_muts.vcf', '--rna_file', '/data/rna.bam', '--transcripts', '/data/gencode.v25.pc_transcripts_NOPARY.fa', '--fusions', '/data/fusion_calls']' returned non-zero exit status 1.
	
	During handling of the above exception, another exception occurred:
	
	Traceback (most recent call last):
	  File "/private/home/drkthomp/protect/venv/lib/python3.6/site-packages/toil/worker.py", line 368, in workerScript
	    job._runner(jobGraph=jobGraph, jobStore=jobStore, fileStore=fileStore, defer=defer)
	  File "/private/home/drkthomp/protect/venv/lib/python3.6/site-packages/toil/job.py", line 1424, in _runner
	    returnValues = self._run(jobGraph, fileStore)
	  File "/private/home/drkthomp/protect/venv/lib/python3.6/site-packages/toil/job.py", line 1361, in _run
	    return self.run(fileStore)
	  File "/private/home/drkthomp/protect/venv/lib/python3.6/site-packages/toil/job.py", line 1565, in run
	    rValue = userFunction(*((self,) + tuple(self._args)), **self._kwargs)
	  File "/private/home/drkthomp/protect/src/protect/mutation_translation.py", line 118, in run_transgene
	    tool_version=transgene_options['version'])
	  File "/private/home/drkthomp/protect/src/protect/common.py", line 140, in docker_call
	    'for command \"%s\"' % ' '.join(call),)
	RuntimeError: docker command returned a non-zero exit status (1)for command "docker run --rm=true -v /data/scratch/drkthomp/workDir/node-c6dd6166-0e17-47a0-b05b-0af0433282a6-e8611b53-bdab-4598-acae-87977f99831e/tmpni7n6af_/5ab5bf1c-8484-483b-be2a-81a9c2f6be66:/data --log-driver=none aarjunrao/transgene:2.5.0 --peptides /data/gencode.v25.pc_translations_NOPARY.fa --prefix transgened --pep_lens 9,10,15 --cores 20 --genome /data/hg38.fa --annotation /data/gencode.v25.annotation_NOPARY.gtf --snpeff /data/snpeffed_muts.vcf --rna_file /data/rna.bam --transcripts /data/gencode.v25.pc_transcripts_NOPARY.fa --fusions /data/fusion_calls"
	[2020-12-21T14:53:07-0800] [MainThread] [E] [toil.worker] Exiting the worker because of a failed job on host mustard
<=========
